{"/Users/christianriesener/Projekte/DynamicParameterHelper/src/DocumentParser.js": {"path":"/Users/christianriesener/Projekte/DynamicParameterHelper/src/DocumentParser.js","statementMap":{"0":{"start":{"line":15,"column":8},"end":{"line":15,"column":59}},"1":{"start":{"line":16,"column":8},"end":{"line":16,"column":48}},"2":{"start":{"line":17,"column":8},"end":{"line":17,"column":48}},"3":{"start":{"line":26,"column":8},"end":{"line":57,"column":9}},"4":{"start":{"line":28,"column":12},"end":{"line":28,"column":38}},"5":{"start":{"line":31,"column":27},"end":{"line":31,"column":51}},"6":{"start":{"line":33,"column":12},"end":{"line":35,"column":13}},"7":{"start":{"line":34,"column":16},"end":{"line":34,"column":114}},"8":{"start":{"line":38,"column":27},"end":{"line":40,"column":45}},"9":{"start":{"line":42,"column":12},"end":{"line":50,"column":14}},"10":{"start":{"line":53,"column":12},"end":{"line":56,"column":15}},"11":{"start":{"line":65,"column":8},"end":{"line":67,"column":9}},"12":{"start":{"line":66,"column":12},"end":{"line":66,"column":64}},"13":{"start":{"line":70,"column":28},"end":{"line":70,"column":50}},"14":{"start":{"line":71,"column":8},"end":{"line":73,"column":9}},"15":{"start":{"line":72,"column":12},"end":{"line":72,"column":144}},"16":{"start":{"line":76,"column":8},"end":{"line":78,"column":9}},"17":{"start":{"line":77,"column":12},"end":{"line":77,"column":82}},"18":{"start":{"line":81,"column":22},"end":{"line":81,"column":39}},"19":{"start":{"line":82,"column":30},"end":{"line":82,"column":35}},"20":{"start":{"line":83,"column":8},"end":{"line":87,"column":9}},"21":{"start":{"line":83,"column":21},"end":{"line":83,"column":22}},"22":{"start":{"line":84,"column":12},"end":{"line":86,"column":13}},"23":{"start":{"line":85,"column":16},"end":{"line":85,"column":103}},"24":{"start":{"line":90,"column":31},"end":{"line":90,"column":56}},"25":{"start":{"line":91,"column":8},"end":{"line":93,"column":9}},"26":{"start":{"line":92,"column":12},"end":{"line":92,"column":119}},"27":{"start":{"line":102,"column":24},"end":{"line":102,"column":36}},"28":{"start":{"line":104,"column":8},"end":{"line":106,"column":9}},"29":{"start":{"line":105,"column":12},"end":{"line":105,"column":29}},"30":{"start":{"line":109,"column":8},"end":{"line":116,"column":9}},"31":{"start":{"line":110,"column":12},"end":{"line":115,"column":13}},"32":{"start":{"line":111,"column":16},"end":{"line":111,"column":36}},"33":{"start":{"line":112,"column":16},"end":{"line":112,"column":30}},"34":{"start":{"line":119,"column":8},"end":{"line":132,"column":9}},"35":{"start":{"line":120,"column":12},"end":{"line":131,"column":13}},"36":{"start":{"line":121,"column":31},"end":{"line":121,"column":46}},"37":{"start":{"line":122,"column":28},"end":{"line":122,"column":78}},"38":{"start":{"line":125,"column":35},"end":{"line":125,"column":67}},"39":{"start":{"line":126,"column":16},"end":{"line":128,"column":17}},"40":{"start":{"line":127,"column":20},"end":{"line":127,"column":33}},"41":{"start":{"line":134,"column":8},"end":{"line":134,"column":25}},"42":{"start":{"line":143,"column":8},"end":{"line":148,"column":37}},"43":{"start":{"line":157,"column":8},"end":{"line":159,"column":62}},"44":{"start":{"line":168,"column":8},"end":{"line":200,"column":9}},"45":{"start":{"line":169,"column":27},"end":{"line":169,"column":42}},"46":{"start":{"line":170,"column":24},"end":{"line":170,"column":76}},"47":{"start":{"line":173,"column":31},"end":{"line":173,"column":63}},"48":{"start":{"line":174,"column":12},"end":{"line":183,"column":13}},"49":{"start":{"line":175,"column":34},"end":{"line":175,"column":56}},"50":{"start":{"line":176,"column":34},"end":{"line":176,"column":64}},"51":{"start":{"line":177,"column":36},"end":{"line":177,"column":68}},"52":{"start":{"line":179,"column":29},"end":{"line":179,"column":65}},"53":{"start":{"line":180,"column":31},"end":{"line":180,"column":71}},"54":{"start":{"line":182,"column":16},"end":{"line":182,"column":102}},"55":{"start":{"line":186,"column":12},"end":{"line":188,"column":13}},"56":{"start":{"line":187,"column":16},"end":{"line":187,"column":68}},"57":{"start":{"line":191,"column":12},"end":{"line":191,"column":42}},"58":{"start":{"line":193,"column":12},"end":{"line":193,"column":23}},"59":{"start":{"line":196,"column":12},"end":{"line":198,"column":13}},"60":{"start":{"line":197,"column":16},"end":{"line":197,"column":28}},"61":{"start":{"line":199,"column":12},"end":{"line":199,"column":67}},"62":{"start":{"line":209,"column":8},"end":{"line":230,"column":9}},"63":{"start":{"line":211,"column":27},"end":{"line":211,"column":49}},"64":{"start":{"line":214,"column":12},"end":{"line":214,"column":42}},"65":{"start":{"line":216,"column":12},"end":{"line":216,"column":26}},"66":{"start":{"line":220,"column":26},"end":{"line":220,"column":63}},"67":{"start":{"line":221,"column":12},"end":{"line":227,"column":13}},"68":{"start":{"line":222,"column":33},"end":{"line":222,"column":51}},"69":{"start":{"line":223,"column":29},"end":{"line":223,"column":69}},"70":{"start":{"line":224,"column":31},"end":{"line":224,"column":73}},"71":{"start":{"line":226,"column":16},"end":{"line":226,"column":107}},"72":{"start":{"line":229,"column":12},"end":{"line":229,"column":68}},"73":{"start":{"line":238,"column":8},"end":{"line":240,"column":9}},"74":{"start":{"line":239,"column":12},"end":{"line":239,"column":64}},"75":{"start":{"line":242,"column":21},"end":{"line":242,"column":40}},"76":{"start":{"line":245,"column":28},"end":{"line":245,"column":58}},"77":{"start":{"line":246,"column":8},"end":{"line":256,"column":9}},"78":{"start":{"line":248,"column":12},"end":{"line":255,"column":13}},"79":{"start":{"line":249,"column":16},"end":{"line":254,"column":17}},"80":{"start":{"line":250,"column":20},"end":{"line":253,"column":21}},"81":{"start":{"line":252,"column":24},"end":{"line":252,"column":102}},"82":{"start":{"line":265,"column":8},"end":{"line":267,"column":9}},"83":{"start":{"line":266,"column":12},"end":{"line":266,"column":50}},"84":{"start":{"line":276,"column":8},"end":{"line":278,"column":9}},"85":{"start":{"line":277,"column":12},"end":{"line":277,"column":19}},"86":{"start":{"line":280,"column":8},"end":{"line":280,"column":25}},"87":{"start":{"line":282,"column":30},"end":{"line":282,"column":71}},"88":{"start":{"line":284,"column":8},"end":{"line":293,"column":9}},"89":{"start":{"line":285,"column":12},"end":{"line":285,"column":80}},"90":{"start":{"line":285,"column":32},"end":{"line":285,"column":78}},"91":{"start":{"line":287,"column":12},"end":{"line":292,"column":13}},"92":{"start":{"line":288,"column":16},"end":{"line":290,"column":17}},"93":{"start":{"line":289,"column":20},"end":{"line":289,"column":77}},"94":{"start":{"line":291,"column":16},"end":{"line":291,"column":67}},"95":{"start":{"line":302,"column":23},"end":{"line":302,"column":24}},"96":{"start":{"line":303,"column":27},"end":{"line":303,"column":28}},"97":{"start":{"line":304,"column":23},"end":{"line":304,"column":28}},"98":{"start":{"line":305,"column":25},"end":{"line":305,"column":29}},"99":{"start":{"line":306,"column":20},"end":{"line":306,"column":25}},"100":{"start":{"line":308,"column":8},"end":{"line":352,"column":9}},"101":{"start":{"line":308,"column":21},"end":{"line":308,"column":22}},"102":{"start":{"line":309,"column":25},"end":{"line":309,"column":33}},"103":{"start":{"line":310,"column":29},"end":{"line":310,"column":54}},"104":{"start":{"line":313,"column":12},"end":{"line":322,"column":13}},"105":{"start":{"line":314,"column":16},"end":{"line":320,"column":17}},"106":{"start":{"line":315,"column":20},"end":{"line":315,"column":36}},"107":{"start":{"line":316,"column":20},"end":{"line":316,"column":38}},"108":{"start":{"line":317,"column":23},"end":{"line":320,"column":17}},"109":{"start":{"line":318,"column":20},"end":{"line":318,"column":37}},"110":{"start":{"line":319,"column":20},"end":{"line":319,"column":38}},"111":{"start":{"line":321,"column":16},"end":{"line":321,"column":25}},"112":{"start":{"line":324,"column":12},"end":{"line":324,"column":35}},"113":{"start":{"line":324,"column":26},"end":{"line":324,"column":35}},"114":{"start":{"line":327,"column":12},"end":{"line":351,"column":13}},"115":{"start":{"line":329,"column":34},"end":{"line":329,"column":60}},"116":{"start":{"line":330,"column":16},"end":{"line":333,"column":17}},"117":{"start":{"line":331,"column":20},"end":{"line":331,"column":35}},"118":{"start":{"line":332,"column":20},"end":{"line":332,"column":64}},"119":{"start":{"line":334,"column":16},"end":{"line":334,"column":29}},"120":{"start":{"line":335,"column":19},"end":{"line":351,"column":13}},"121":{"start":{"line":336,"column":16},"end":{"line":336,"column":30}},"122":{"start":{"line":338,"column":35},"end":{"line":338,"column":84}},"123":{"start":{"line":339,"column":16},"end":{"line":341,"column":17}},"124":{"start":{"line":340,"column":20},"end":{"line":340,"column":65}},"125":{"start":{"line":342,"column":19},"end":{"line":351,"column":13}},"126":{"start":{"line":343,"column":16},"end":{"line":346,"column":17}},"127":{"start":{"line":344,"column":20},"end":{"line":344,"column":35}},"128":{"start":{"line":345,"column":20},"end":{"line":345,"column":64}},"129":{"start":{"line":347,"column":19},"end":{"line":351,"column":13}},"130":{"start":{"line":348,"column":16},"end":{"line":350,"column":17}},"131":{"start":{"line":349,"column":20},"end":{"line":349,"column":65}},"132":{"start":{"line":354,"column":8},"end":{"line":354,"column":24}},"133":{"start":{"line":363,"column":8},"end":{"line":365,"column":9}},"134":{"start":{"line":364,"column":12},"end":{"line":364,"column":21}},"135":{"start":{"line":367,"column":8},"end":{"line":371,"column":9}},"136":{"start":{"line":368,"column":12},"end":{"line":368,"column":64}},"137":{"start":{"line":370,"column":12},"end":{"line":370,"column":49}},"138":{"start":{"line":380,"column":8},"end":{"line":382,"column":9}},"139":{"start":{"line":381,"column":12},"end":{"line":381,"column":21}},"140":{"start":{"line":384,"column":28},"end":{"line":384,"column":29}},"141":{"start":{"line":385,"column":8},"end":{"line":387,"column":9}},"142":{"start":{"line":386,"column":12},"end":{"line":386,"column":83}},"143":{"start":{"line":389,"column":8},"end":{"line":389,"column":33}},"144":{"start":{"line":398,"column":8},"end":{"line":400,"column":9}},"145":{"start":{"line":399,"column":12},"end":{"line":399,"column":21}},"146":{"start":{"line":402,"column":23},"end":{"line":402,"column":24}},"147":{"start":{"line":403,"column":23},"end":{"line":403,"column":68}},"148":{"start":{"line":405,"column":8},"end":{"line":409,"column":9}},"149":{"start":{"line":406,"column":12},"end":{"line":408,"column":13}},"150":{"start":{"line":407,"column":16},"end":{"line":407,"column":78}},"151":{"start":{"line":411,"column":8},"end":{"line":411,"column":28}},"152":{"start":{"line":421,"column":8},"end":{"line":421,"column":61}},"153":{"start":{"line":431,"column":22},"end":{"line":431,"column":60}},"154":{"start":{"line":432,"column":8},"end":{"line":432,"column":50}},"155":{"start":{"line":441,"column":8},"end":{"line":441,"column":23}},"156":{"start":{"line":442,"column":8},"end":{"line":442,"column":42}},"157":{"start":{"line":443,"column":8},"end":{"line":443,"column":25}},"158":{"start":{"line":444,"column":8},"end":{"line":444,"column":31}},"159":{"start":{"line":445,"column":8},"end":{"line":445,"column":50}},"160":{"start":{"line":448,"column":8},"end":{"line":450,"column":9}},"161":{"start":{"line":449,"column":12},"end":{"line":449,"column":63}},"162":{"start":{"line":455,"column":0},"end":{"line":460,"column":1}},"163":{"start":{"line":456,"column":4},"end":{"line":456,"column":61}},"164":{"start":{"line":457,"column":7},"end":{"line":460,"column":1}},"165":{"start":{"line":458,"column":4},"end":{"line":458,"column":43}},"166":{"start":{"line":459,"column":4},"end":{"line":459,"column":53}}},"fnMap":{"0":{"name":"(anonymous_0)","decl":{"start":{"line":14,"column":4},"end":{"line":14,"column":5}},"loc":{"start":{"line":14,"column":30},"end":{"line":18,"column":5}},"line":14},"1":{"name":"(anonymous_1)","decl":{"start":{"line":25,"column":4},"end":{"line":25,"column":5}},"loc":{"start":{"line":25,"column":23},"end":{"line":58,"column":5}},"line":25},"2":{"name":"(anonymous_2)","decl":{"start":{"line":64,"column":4},"end":{"line":64,"column":5}},"loc":{"start":{"line":64,"column":25},"end":{"line":94,"column":5}},"line":64},"3":{"name":"(anonymous_3)","decl":{"start":{"line":101,"column":4},"end":{"line":101,"column":5}},"loc":{"start":{"line":101,"column":24},"end":{"line":135,"column":5}},"line":101},"4":{"name":"(anonymous_4)","decl":{"start":{"line":142,"column":4},"end":{"line":142,"column":5}},"loc":{"start":{"line":142,"column":25},"end":{"line":149,"column":5}},"line":142},"5":{"name":"(anonymous_5)","decl":{"start":{"line":156,"column":4},"end":{"line":156,"column":5}},"loc":{"start":{"line":156,"column":24},"end":{"line":160,"column":5}},"line":156},"6":{"name":"(anonymous_6)","decl":{"start":{"line":167,"column":4},"end":{"line":167,"column":5}},"loc":{"start":{"line":167,"column":30},"end":{"line":201,"column":5}},"line":167},"7":{"name":"(anonymous_7)","decl":{"start":{"line":208,"column":4},"end":{"line":208,"column":5}},"loc":{"start":{"line":208,"column":32},"end":{"line":231,"column":5}},"line":208},"8":{"name":"(anonymous_8)","decl":{"start":{"line":237,"column":4},"end":{"line":237,"column":5}},"loc":{"start":{"line":237,"column":29},"end":{"line":257,"column":5}},"line":237},"9":{"name":"(anonymous_9)","decl":{"start":{"line":263,"column":4},"end":{"line":263,"column":5}},"loc":{"start":{"line":263,"column":27},"end":{"line":268,"column":5}},"line":263},"10":{"name":"(anonymous_10)","decl":{"start":{"line":275,"column":4},"end":{"line":275,"column":5}},"loc":{"start":{"line":275,"column":57},"end":{"line":294,"column":5}},"line":275},"11":{"name":"(anonymous_11)","decl":{"start":{"line":285,"column":24},"end":{"line":285,"column":25}},"loc":{"start":{"line":285,"column":32},"end":{"line":285,"column":78}},"line":285},"12":{"name":"(anonymous_12)","decl":{"start":{"line":301,"column":4},"end":{"line":301,"column":5}},"loc":{"start":{"line":301,"column":25},"end":{"line":355,"column":5}},"line":301},"13":{"name":"(anonymous_13)","decl":{"start":{"line":362,"column":4},"end":{"line":362,"column":5}},"loc":{"start":{"line":362,"column":25},"end":{"line":372,"column":5}},"line":362},"14":{"name":"(anonymous_14)","decl":{"start":{"line":379,"column":4},"end":{"line":379,"column":5}},"loc":{"start":{"line":379,"column":31},"end":{"line":390,"column":5}},"line":379},"15":{"name":"(anonymous_15)","decl":{"start":{"line":397,"column":4},"end":{"line":397,"column":5}},"loc":{"start":{"line":397,"column":28},"end":{"line":412,"column":5}},"line":397},"16":{"name":"(anonymous_16)","decl":{"start":{"line":420,"column":4},"end":{"line":420,"column":5}},"loc":{"start":{"line":420,"column":33},"end":{"line":422,"column":5}},"line":420},"17":{"name":"(anonymous_17)","decl":{"start":{"line":430,"column":4},"end":{"line":430,"column":5}},"loc":{"start":{"line":430,"column":35},"end":{"line":433,"column":5}},"line":430},"18":{"name":"(anonymous_18)","decl":{"start":{"line":440,"column":4},"end":{"line":440,"column":5}},"loc":{"start":{"line":440,"column":60},"end":{"line":451,"column":5}},"line":440}},"branchMap":{"0":{"loc":{"start":{"line":14,"column":16},"end":{"line":14,"column":28}},"type":"default-arg","locations":[{"start":{"line":14,"column":26},"end":{"line":14,"column":28}}],"line":14},"1":{"loc":{"start":{"line":15,"column":23},"end":{"line":15,"column":58}},"type":"binary-expr","locations":[{"start":{"line":15,"column":23},"end":{"line":15,"column":38}},{"start":{"line":15,"column":42},"end":{"line":15,"column":58}}],"line":15},"2":{"loc":{"start":{"line":16,"column":24},"end":{"line":16,"column":47}},"type":"binary-expr","locations":[{"start":{"line":16,"column":24},"end":{"line":16,"column":40}},{"start":{"line":16,"column":44},"end":{"line":16,"column":47}}],"line":16},"3":{"loc":{"start":{"line":17,"column":23},"end":{"line":17,"column":47}},"type":"binary-expr","locations":[{"start":{"line":17,"column":23},"end":{"line":17,"column":38}},{"start":{"line":17,"column":42},"end":{"line":17,"column":47}}],"line":17},"4":{"loc":{"start":{"line":33,"column":12},"end":{"line":35,"column":13}},"type":"if","locations":[{"start":{"line":33,"column":12},"end":{"line":35,"column":13}},{"start":{},"end":{}}],"line":33},"5":{"loc":{"start":{"line":38,"column":27},"end":{"line":40,"column":45}},"type":"cond-expr","locations":[{"start":{"line":39,"column":18},"end":{"line":39,"column":44}},{"start":{"line":40,"column":18},"end":{"line":40,"column":45}}],"line":38},"6":{"loc":{"start":{"line":53,"column":57},"end":{"line":53,"column":83}},"type":"binary-expr","locations":[{"start":{"line":53,"column":57},"end":{"line":53,"column":67}},{"start":{"line":53,"column":71},"end":{"line":53,"column":83}}],"line":53},"7":{"loc":{"start":{"line":54,"column":23},"end":{"line":54,"column":69}},"type":"cond-expr","locations":[{"start":{"line":54,"column":31},"end":{"line":54,"column":62}},{"start":{"line":54,"column":65},"end":{"line":54,"column":69}}],"line":54},"8":{"loc":{"start":{"line":55,"column":27},"end":{"line":55,"column":61}},"type":"cond-expr","locations":[{"start":{"line":55,"column":35},"end":{"line":55,"column":57}},{"start":{"line":55,"column":60},"end":{"line":55,"column":61}}],"line":55},"9":{"loc":{"start":{"line":65,"column":8},"end":{"line":67,"column":9}},"type":"if","locations":[{"start":{"line":65,"column":8},"end":{"line":67,"column":9}},{"start":{},"end":{}}],"line":65},"10":{"loc":{"start":{"line":65,"column":12},"end":{"line":65,"column":47}},"type":"binary-expr","locations":[{"start":{"line":65,"column":12},"end":{"line":65,"column":18}},{"start":{"line":65,"column":22},"end":{"line":65,"column":47}}],"line":65},"11":{"loc":{"start":{"line":71,"column":8},"end":{"line":73,"column":9}},"type":"if","locations":[{"start":{"line":71,"column":8},"end":{"line":73,"column":9}},{"start":{},"end":{}}],"line":71},"12":{"loc":{"start":{"line":76,"column":8},"end":{"line":78,"column":9}},"type":"if","locations":[{"start":{"line":76,"column":8},"end":{"line":78,"column":9}},{"start":{},"end":{}}],"line":76},"13":{"loc":{"start":{"line":84,"column":12},"end":{"line":86,"column":13}},"type":"if","locations":[{"start":{"line":84,"column":12},"end":{"line":86,"column":13}},{"start":{},"end":{}}],"line":84},"14":{"loc":{"start":{"line":91,"column":8},"end":{"line":93,"column":9}},"type":"if","locations":[{"start":{"line":91,"column":8},"end":{"line":93,"column":9}},{"start":{},"end":{}}],"line":91},"15":{"loc":{"start":{"line":104,"column":8},"end":{"line":106,"column":9}},"type":"if","locations":[{"start":{"line":104,"column":8},"end":{"line":106,"column":9}},{"start":{},"end":{}}],"line":104},"16":{"loc":{"start":{"line":109,"column":8},"end":{"line":116,"column":9}},"type":"if","locations":[{"start":{"line":109,"column":8},"end":{"line":116,"column":9}},{"start":{},"end":{}}],"line":109},"17":{"loc":{"start":{"line":119,"column":8},"end":{"line":132,"column":9}},"type":"if","locations":[{"start":{"line":119,"column":8},"end":{"line":132,"column":9}},{"start":{},"end":{}}],"line":119},"18":{"loc":{"start":{"line":126,"column":16},"end":{"line":128,"column":17}},"type":"if","locations":[{"start":{"line":126,"column":16},"end":{"line":128,"column":17}},{"start":{},"end":{}}],"line":126},"19":{"loc":{"start":{"line":143,"column":15},"end":{"line":148,"column":36}},"type":"binary-expr","locations":[{"start":{"line":143,"column":16},"end":{"line":143,"column":37}},{"start":{"line":143,"column":41},"end":{"line":143,"column":60}},{"start":{"line":144,"column":16},"end":{"line":144,"column":37}},{"start":{"line":144,"column":41},"end":{"line":144,"column":60}},{"start":{"line":145,"column":15},"end":{"line":145,"column":31}},{"start":{"line":146,"column":15},"end":{"line":146,"column":31}},{"start":{"line":147,"column":15},"end":{"line":147,"column":32}},{"start":{"line":148,"column":15},"end":{"line":148,"column":36}}],"line":143},"20":{"loc":{"start":{"line":157,"column":15},"end":{"line":159,"column":61}},"type":"binary-expr","locations":[{"start":{"line":157,"column":15},"end":{"line":157,"column":40}},{"start":{"line":158,"column":15},"end":{"line":158,"column":44}},{"start":{"line":159,"column":16},"end":{"line":159,"column":37}},{"start":{"line":159,"column":41},"end":{"line":159,"column":60}}],"line":157},"21":{"loc":{"start":{"line":174,"column":12},"end":{"line":183,"column":13}},"type":"if","locations":[{"start":{"line":174,"column":12},"end":{"line":183,"column":13}},{"start":{},"end":{}}],"line":174},"22":{"loc":{"start":{"line":179,"column":29},"end":{"line":179,"column":65}},"type":"cond-expr","locations":[{"start":{"line":179,"column":41},"end":{"line":179,"column":53}},{"start":{"line":179,"column":56},"end":{"line":179,"column":65}}],"line":179},"23":{"loc":{"start":{"line":180,"column":31},"end":{"line":180,"column":71}},"type":"cond-expr","locations":[{"start":{"line":180,"column":45},"end":{"line":180,"column":59}},{"start":{"line":180,"column":62},"end":{"line":180,"column":71}}],"line":180},"24":{"loc":{"start":{"line":186,"column":12},"end":{"line":188,"column":13}},"type":"if","locations":[{"start":{"line":186,"column":12},"end":{"line":188,"column":13}},{"start":{},"end":{}}],"line":186},"25":{"loc":{"start":{"line":196,"column":12},"end":{"line":198,"column":13}},"type":"if","locations":[{"start":{"line":196,"column":12},"end":{"line":198,"column":13}},{"start":{},"end":{}}],"line":196},"26":{"loc":{"start":{"line":221,"column":12},"end":{"line":227,"column":13}},"type":"if","locations":[{"start":{"line":221,"column":12},"end":{"line":227,"column":13}},{"start":{},"end":{}}],"line":221},"27":{"loc":{"start":{"line":238,"column":8},"end":{"line":240,"column":9}},"type":"if","locations":[{"start":{"line":238,"column":8},"end":{"line":240,"column":9}},{"start":{},"end":{}}],"line":238},"28":{"loc":{"start":{"line":238,"column":12},"end":{"line":238,"column":40}},"type":"binary-expr","locations":[{"start":{"line":238,"column":12},"end":{"line":238,"column":16}},{"start":{"line":238,"column":20},"end":{"line":238,"column":40}}],"line":238},"29":{"loc":{"start":{"line":248,"column":12},"end":{"line":255,"column":13}},"type":"if","locations":[{"start":{"line":248,"column":12},"end":{"line":255,"column":13}},{"start":{},"end":{}}],"line":248},"30":{"loc":{"start":{"line":250,"column":20},"end":{"line":253,"column":21}},"type":"if","locations":[{"start":{"line":250,"column":20},"end":{"line":253,"column":21}},{"start":{},"end":{}}],"line":250},"31":{"loc":{"start":{"line":250,"column":24},"end":{"line":251,"column":72}},"type":"binary-expr","locations":[{"start":{"line":250,"column":24},"end":{"line":250,"column":64}},{"start":{"line":251,"column":24},"end":{"line":251,"column":72}}],"line":250},"32":{"loc":{"start":{"line":265,"column":8},"end":{"line":267,"column":9}},"type":"if","locations":[{"start":{"line":265,"column":8},"end":{"line":267,"column":9}},{"start":{},"end":{}}],"line":265},"33":{"loc":{"start":{"line":265,"column":12},"end":{"line":265,"column":53}},"type":"binary-expr","locations":[{"start":{"line":265,"column":12},"end":{"line":265,"column":36}},{"start":{"line":265,"column":40},"end":{"line":265,"column":53}}],"line":265},"34":{"loc":{"start":{"line":275,"column":36},"end":{"line":275,"column":55}},"type":"default-arg","locations":[{"start":{"line":275,"column":46},"end":{"line":275,"column":55}}],"line":275},"35":{"loc":{"start":{"line":276,"column":8},"end":{"line":278,"column":9}},"type":"if","locations":[{"start":{"line":276,"column":8},"end":{"line":278,"column":9}},{"start":{},"end":{}}],"line":276},"36":{"loc":{"start":{"line":276,"column":12},"end":{"line":276,"column":71}},"type":"binary-expr","locations":[{"start":{"line":276,"column":12},"end":{"line":276,"column":28}},{"start":{"line":276,"column":32},"end":{"line":276,"column":55}},{"start":{"line":276,"column":59},"end":{"line":276,"column":71}}],"line":276},"37":{"loc":{"start":{"line":284,"column":8},"end":{"line":293,"column":9}},"type":"if","locations":[{"start":{"line":284,"column":8},"end":{"line":293,"column":9}},{"start":{"line":286,"column":15},"end":{"line":293,"column":9}}],"line":284},"38":{"loc":{"start":{"line":288,"column":16},"end":{"line":290,"column":17}},"type":"if","locations":[{"start":{"line":288,"column":16},"end":{"line":290,"column":17}},{"start":{},"end":{}}],"line":288},"39":{"loc":{"start":{"line":310,"column":29},"end":{"line":310,"column":54}},"type":"cond-expr","locations":[{"start":{"line":310,"column":37},"end":{"line":310,"column":49}},{"start":{"line":310,"column":52},"end":{"line":310,"column":54}}],"line":310},"40":{"loc":{"start":{"line":313,"column":12},"end":{"line":322,"column":13}},"type":"if","locations":[{"start":{"line":313,"column":12},"end":{"line":322,"column":13}},{"start":{},"end":{}}],"line":313},"41":{"loc":{"start":{"line":313,"column":16},"end":{"line":313,"column":67}},"type":"binary-expr","locations":[{"start":{"line":313,"column":17},"end":{"line":313,"column":29}},{"start":{"line":313,"column":33},"end":{"line":313,"column":45}},{"start":{"line":313,"column":50},"end":{"line":313,"column":67}}],"line":313},"42":{"loc":{"start":{"line":314,"column":16},"end":{"line":320,"column":17}},"type":"if","locations":[{"start":{"line":314,"column":16},"end":{"line":320,"column":17}},{"start":{"line":317,"column":23},"end":{"line":320,"column":17}}],"line":314},"43":{"loc":{"start":{"line":317,"column":23},"end":{"line":320,"column":17}},"type":"if","locations":[{"start":{"line":317,"column":23},"end":{"line":320,"column":17}},{"start":{},"end":{}}],"line":317},"44":{"loc":{"start":{"line":324,"column":12},"end":{"line":324,"column":35}},"type":"if","locations":[{"start":{"line":324,"column":12},"end":{"line":324,"column":35}},{"start":{},"end":{}}],"line":324},"45":{"loc":{"start":{"line":327,"column":12},"end":{"line":351,"column":13}},"type":"if","locations":[{"start":{"line":327,"column":12},"end":{"line":351,"column":13}},{"start":{"line":335,"column":19},"end":{"line":351,"column":13}}],"line":327},"46":{"loc":{"start":{"line":327,"column":16},"end":{"line":327,"column":38}},"type":"binary-expr","locations":[{"start":{"line":327,"column":16},"end":{"line":327,"column":28}},{"start":{"line":327,"column":32},"end":{"line":327,"column":38}}],"line":327},"47":{"loc":{"start":{"line":330,"column":16},"end":{"line":333,"column":17}},"type":"if","locations":[{"start":{"line":330,"column":16},"end":{"line":333,"column":17}},{"start":{},"end":{}}],"line":330},"48":{"loc":{"start":{"line":330,"column":20},"end":{"line":330,"column":76}},"type":"binary-expr","locations":[{"start":{"line":330,"column":20},"end":{"line":330,"column":47}},{"start":{"line":330,"column":51},"end":{"line":330,"column":76}}],"line":330},"49":{"loc":{"start":{"line":335,"column":19},"end":{"line":351,"column":13}},"type":"if","locations":[{"start":{"line":335,"column":19},"end":{"line":351,"column":13}},{"start":{"line":342,"column":19},"end":{"line":351,"column":13}}],"line":335},"50":{"loc":{"start":{"line":335,"column":23},"end":{"line":335,"column":44}},"type":"binary-expr","locations":[{"start":{"line":335,"column":23},"end":{"line":335,"column":35}},{"start":{"line":335,"column":39},"end":{"line":335,"column":44}}],"line":335},"51":{"loc":{"start":{"line":339,"column":16},"end":{"line":341,"column":17}},"type":"if","locations":[{"start":{"line":339,"column":16},"end":{"line":341,"column":17}},{"start":{},"end":{}}],"line":339},"52":{"loc":{"start":{"line":342,"column":19},"end":{"line":351,"column":13}},"type":"if","locations":[{"start":{"line":342,"column":19},"end":{"line":351,"column":13}},{"start":{"line":347,"column":19},"end":{"line":351,"column":13}}],"line":342},"53":{"loc":{"start":{"line":342,"column":23},"end":{"line":342,"column":51}},"type":"binary-expr","locations":[{"start":{"line":342,"column":23},"end":{"line":342,"column":35}},{"start":{"line":342,"column":39},"end":{"line":342,"column":51}}],"line":342},"54":{"loc":{"start":{"line":343,"column":16},"end":{"line":346,"column":17}},"type":"if","locations":[{"start":{"line":343,"column":16},"end":{"line":346,"column":17}},{"start":{},"end":{}}],"line":343},"55":{"loc":{"start":{"line":347,"column":19},"end":{"line":351,"column":13}},"type":"if","locations":[{"start":{"line":347,"column":19},"end":{"line":351,"column":13}},{"start":{},"end":{}}],"line":347},"56":{"loc":{"start":{"line":347,"column":23},"end":{"line":347,"column":51}},"type":"binary-expr","locations":[{"start":{"line":347,"column":23},"end":{"line":347,"column":35}},{"start":{"line":347,"column":39},"end":{"line":347,"column":51}}],"line":347},"57":{"loc":{"start":{"line":348,"column":16},"end":{"line":350,"column":17}},"type":"if","locations":[{"start":{"line":348,"column":16},"end":{"line":350,"column":17}},{"start":{},"end":{}}],"line":348},"58":{"loc":{"start":{"line":363,"column":8},"end":{"line":365,"column":9}},"type":"if","locations":[{"start":{"line":363,"column":8},"end":{"line":365,"column":9}},{"start":{},"end":{}}],"line":363},"59":{"loc":{"start":{"line":363,"column":12},"end":{"line":363,"column":53}},"type":"binary-expr","locations":[{"start":{"line":363,"column":12},"end":{"line":363,"column":25}},{"start":{"line":363,"column":29},"end":{"line":363,"column":53}}],"line":363},"60":{"loc":{"start":{"line":367,"column":8},"end":{"line":371,"column":9}},"type":"if","locations":[{"start":{"line":367,"column":8},"end":{"line":371,"column":9}},{"start":{"line":369,"column":15},"end":{"line":371,"column":9}}],"line":367},"61":{"loc":{"start":{"line":380,"column":8},"end":{"line":382,"column":9}},"type":"if","locations":[{"start":{"line":380,"column":8},"end":{"line":382,"column":9}},{"start":{},"end":{}}],"line":380},"62":{"loc":{"start":{"line":380,"column":12},"end":{"line":380,"column":41}},"type":"binary-expr","locations":[{"start":{"line":380,"column":12},"end":{"line":380,"column":20}},{"start":{"line":380,"column":24},"end":{"line":380,"column":41}}],"line":380},"63":{"loc":{"start":{"line":398,"column":8},"end":{"line":400,"column":9}},"type":"if","locations":[{"start":{"line":398,"column":8},"end":{"line":400,"column":9}},{"start":{},"end":{}}],"line":398},"64":{"loc":{"start":{"line":398,"column":12},"end":{"line":398,"column":51}},"type":"binary-expr","locations":[{"start":{"line":398,"column":12},"end":{"line":398,"column":35}},{"start":{"line":398,"column":39},"end":{"line":398,"column":51}}],"line":398},"65":{"loc":{"start":{"line":403,"column":23},"end":{"line":403,"column":68}},"type":"cond-expr","locations":[{"start":{"line":403,"column":44},"end":{"line":403,"column":47}},{"start":{"line":403,"column":50},"end":{"line":403,"column":68}}],"line":403},"66":{"loc":{"start":{"line":406,"column":12},"end":{"line":408,"column":13}},"type":"if","locations":[{"start":{"line":406,"column":12},"end":{"line":408,"column":13}},{"start":{},"end":{}}],"line":406},"67":{"loc":{"start":{"line":406,"column":16},"end":{"line":406,"column":59}},"type":"binary-expr","locations":[{"start":{"line":406,"column":16},"end":{"line":406,"column":41}},{"start":{"line":406,"column":45},"end":{"line":406,"column":59}}],"line":406},"68":{"loc":{"start":{"line":440,"column":25},"end":{"line":440,"column":44}},"type":"default-arg","locations":[{"start":{"line":440,"column":32},"end":{"line":440,"column":44}}],"line":440},"69":{"loc":{"start":{"line":440,"column":46},"end":{"line":440,"column":58}},"type":"default-arg","locations":[{"start":{"line":440,"column":56},"end":{"line":440,"column":58}}],"line":440},"70":{"loc":{"start":{"line":448,"column":8},"end":{"line":450,"column":9}},"type":"if","locations":[{"start":{"line":448,"column":8},"end":{"line":450,"column":9}},{"start":{},"end":{}}],"line":448},"71":{"loc":{"start":{"line":455,"column":0},"end":{"line":460,"column":1}},"type":"if","locations":[{"start":{"line":455,"column":0},"end":{"line":460,"column":1}},{"start":{"line":457,"column":7},"end":{"line":460,"column":1}}],"line":455},"72":{"loc":{"start":{"line":455,"column":4},"end":{"line":455,"column":51}},"type":"binary-expr","locations":[{"start":{"line":455,"column":4},"end":{"line":455,"column":33}},{"start":{"line":455,"column":37},"end":{"line":455,"column":51}}],"line":455},"73":{"loc":{"start":{"line":457,"column":7},"end":{"line":460,"column":1}},"type":"if","locations":[{"start":{"line":457,"column":7},"end":{"line":460,"column":1}},{"start":{},"end":{}}],"line":457}},"s":{"0":0,"1":0,"2":0,"3":0,"4":0,"5":0,"6":0,"7":0,"8":0,"9":0,"10":0,"11":0,"12":0,"13":0,"14":0,"15":0,"16":0,"17":0,"18":0,"19":0,"20":0,"21":0,"22":0,"23":0,"24":0,"25":0,"26":0,"27":0,"28":0,"29":0,"30":0,"31":0,"32":0,"33":0,"34":0,"35":0,"36":0,"37":0,"38":0,"39":0,"40":0,"41":0,"42":0,"43":0,"44":0,"45":0,"46":0,"47":0,"48":0,"49":0,"50":0,"51":0,"52":0,"53":0,"54":0,"55":0,"56":0,"57":0,"58":0,"59":0,"60":0,"61":0,"62":0,"63":0,"64":0,"65":0,"66":0,"67":0,"68":0,"69":0,"70":0,"71":0,"72":0,"73":0,"74":0,"75":0,"76":0,"77":0,"78":0,"79":0,"80":0,"81":0,"82":0,"83":0,"84":0,"85":0,"86":0,"87":0,"88":0,"89":0,"90":0,"91":0,"92":0,"93":0,"94":0,"95":0,"96":0,"97":0,"98":0,"99":0,"100":0,"101":0,"102":0,"103":0,"104":0,"105":0,"106":0,"107":0,"108":0,"109":0,"110":0,"111":0,"112":0,"113":0,"114":0,"115":0,"116":0,"117":0,"118":0,"119":0,"120":0,"121":0,"122":0,"123":0,"124":0,"125":0,"126":0,"127":0,"128":0,"129":0,"130":0,"131":0,"132":0,"133":0,"134":0,"135":0,"136":0,"137":0,"138":0,"139":0,"140":0,"141":0,"142":0,"143":0,"144":0,"145":0,"146":0,"147":0,"148":0,"149":0,"150":0,"151":0,"152":0,"153":0,"154":0,"155":0,"156":0,"157":0,"158":0,"159":0,"160":0,"161":0,"162":0,"163":0,"164":0,"165":0,"166":0},"f":{"0":0,"1":0,"2":0,"3":0,"4":0,"5":0,"6":0,"7":0,"8":0,"9":0,"10":0,"11":0,"12":0,"13":0,"14":0,"15":0,"16":0,"17":0,"18":0},"b":{"0":[0],"1":[0,0],"2":[0,0],"3":[0,0],"4":[0,0],"5":[0,0],"6":[0,0],"7":[0,0],"8":[0,0],"9":[0,0],"10":[0,0],"11":[0,0],"12":[0,0],"13":[0,0],"14":[0,0],"15":[0,0],"16":[0,0],"17":[0,0],"18":[0,0],"19":[0,0,0,0,0,0,0,0],"20":[0,0,0,0],"21":[0,0],"22":[0,0],"23":[0,0],"24":[0,0],"25":[0,0],"26":[0,0],"27":[0,0],"28":[0,0],"29":[0,0],"30":[0,0],"31":[0,0],"32":[0,0],"33":[0,0],"34":[0],"35":[0,0],"36":[0,0,0],"37":[0,0],"38":[0,0],"39":[0,0],"40":[0,0],"41":[0,0,0],"42":[0,0],"43":[0,0],"44":[0,0],"45":[0,0],"46":[0,0],"47":[0,0],"48":[0,0],"49":[0,0],"50":[0,0],"51":[0,0],"52":[0,0],"53":[0,0],"54":[0,0],"55":[0,0],"56":[0,0],"57":[0,0],"58":[0,0],"59":[0,0],"60":[0,0],"61":[0,0],"62":[0,0],"63":[0,0],"64":[0,0],"65":[0,0],"66":[0,0],"67":[0,0],"68":[0],"69":[0],"70":[0,0],"71":[0,0],"72":[0,0],"73":[0,0]}}
,"/Users/christianriesener/Projekte/DynamicParameterHelper/src/FileHandler.js": {"path":"/Users/christianriesener/Projekte/DynamicParameterHelper/src/FileHandler.js","statementMap":{"0":{"start":{"line":19,"column":8},"end":{"line":19,"column":67}},"1":{"start":{"line":20,"column":8},"end":{"line":20,"column":78}},"2":{"start":{"line":21,"column":8},"end":{"line":21,"column":61}},"3":{"start":{"line":22,"column":8},"end":{"line":22,"column":61}},"4":{"start":{"line":25,"column":8},"end":{"line":25,"column":29}},"5":{"start":{"line":26,"column":8},"end":{"line":26,"column":30}},"6":{"start":{"line":27,"column":8},"end":{"line":27,"column":38}},"7":{"start":{"line":28,"column":8},"end":{"line":28,"column":32}},"8":{"start":{"line":29,"column":8},"end":{"line":29,"column":33}},"9":{"start":{"line":32,"column":8},"end":{"line":32,"column":53}},"10":{"start":{"line":33,"column":8},"end":{"line":33,"column":53}},"11":{"start":{"line":34,"column":8},"end":{"line":34,"column":47}},"12":{"start":{"line":35,"column":8},"end":{"line":35,"column":67}},"13":{"start":{"line":38,"column":8},"end":{"line":38,"column":34}},"14":{"start":{"line":39,"column":8},"end":{"line":39,"column":32}},"15":{"start":{"line":42,"column":8},"end":{"line":42,"column":63}},"16":{"start":{"line":43,"column":8},"end":{"line":43,"column":61}},"17":{"start":{"line":44,"column":8},"end":{"line":44,"column":63}},"18":{"start":{"line":45,"column":8},"end":{"line":45,"column":53}},"19":{"start":{"line":46,"column":8},"end":{"line":46,"column":65}},"20":{"start":{"line":54,"column":8},"end":{"line":56,"column":9}},"21":{"start":{"line":55,"column":12},"end":{"line":55,"column":61}},"22":{"start":{"line":58,"column":8},"end":{"line":58,"column":33}},"23":{"start":{"line":61,"column":8},"end":{"line":61,"column":48}},"24":{"start":{"line":62,"column":8},"end":{"line":62,"column":108}},"25":{"start":{"line":63,"column":8},"end":{"line":63,"column":47}},"26":{"start":{"line":66,"column":8},"end":{"line":66,"column":49}},"27":{"start":{"line":69,"column":8},"end":{"line":69,"column":69}},"28":{"start":{"line":70,"column":8},"end":{"line":70,"column":67}},"29":{"start":{"line":71,"column":8},"end":{"line":71,"column":69}},"30":{"start":{"line":72,"column":8},"end":{"line":72,"column":59}},"31":{"start":{"line":75,"column":8},"end":{"line":80,"column":11}},"32":{"start":{"line":76,"column":12},"end":{"line":79,"column":13}},"33":{"start":{"line":77,"column":16},"end":{"line":77,"column":39}},"34":{"start":{"line":78,"column":16},"end":{"line":78,"column":38}},"35":{"start":{"line":83,"column":8},"end":{"line":85,"column":11}},"36":{"start":{"line":84,"column":12},"end":{"line":84,"column":34}},"37":{"start":{"line":87,"column":8},"end":{"line":87,"column":45}},"38":{"start":{"line":95,"column":8},"end":{"line":103,"column":9}},"39":{"start":{"line":97,"column":12},"end":{"line":97,"column":59}},"40":{"start":{"line":98,"column":12},"end":{"line":98,"column":39}},"41":{"start":{"line":99,"column":12},"end":{"line":99,"column":48}},"42":{"start":{"line":100,"column":12},"end":{"line":100,"column":62}},"43":{"start":{"line":101,"column":12},"end":{"line":101,"column":42}},"44":{"start":{"line":102,"column":12},"end":{"line":102,"column":52}},"45":{"start":{"line":105,"column":8},"end":{"line":105,"column":38}},"46":{"start":{"line":106,"column":8},"end":{"line":106,"column":60}},"47":{"start":{"line":107,"column":8},"end":{"line":111,"column":11}},"48":{"start":{"line":108,"column":12},"end":{"line":110,"column":13}},"49":{"start":{"line":109,"column":16},"end":{"line":109,"column":61}},"50":{"start":{"line":119,"column":8},"end":{"line":119,"column":31}},"51":{"start":{"line":119,"column":24},"end":{"line":119,"column":31}},"52":{"start":{"line":121,"column":8},"end":{"line":121,"column":43}},"53":{"start":{"line":122,"column":8},"end":{"line":127,"column":10}},"54":{"start":{"line":129,"column":8},"end":{"line":129,"column":74}},"55":{"start":{"line":130,"column":8},"end":{"line":130,"column":75}},"56":{"start":{"line":131,"column":8},"end":{"line":131,"column":54}},"57":{"start":{"line":138,"column":8},"end":{"line":140,"column":9}},"58":{"start":{"line":139,"column":12},"end":{"line":139,"column":34}},"59":{"start":{"line":141,"column":8},"end":{"line":141,"column":31}},"60":{"start":{"line":149,"column":8},"end":{"line":149,"column":31}},"61":{"start":{"line":150,"column":8},"end":{"line":150,"column":32}},"62":{"start":{"line":152,"column":8},"end":{"line":155,"column":9}},"63":{"start":{"line":153,"column":12},"end":{"line":153,"column":37}},"64":{"start":{"line":154,"column":12},"end":{"line":154,"column":50}},"65":{"start":{"line":163,"column":8},"end":{"line":163,"column":31}},"66":{"start":{"line":164,"column":8},"end":{"line":164,"column":32}},"67":{"start":{"line":167,"column":25},"end":{"line":167,"column":67}},"68":{"start":{"line":168,"column":30},"end":{"line":168,"column":78}},"69":{"start":{"line":169,"column":8},"end":{"line":169,"column":49}},"70":{"start":{"line":177,"column":8},"end":{"line":177,"column":31}},"71":{"start":{"line":178,"column":8},"end":{"line":178,"column":32}},"72":{"start":{"line":181,"column":8},"end":{"line":184,"column":9}},"73":{"start":{"line":182,"column":12},"end":{"line":182,"column":38}},"74":{"start":{"line":183,"column":12},"end":{"line":183,"column":49}},"75":{"start":{"line":192,"column":8},"end":{"line":192,"column":31}},"76":{"start":{"line":193,"column":8},"end":{"line":193,"column":32}},"77":{"start":{"line":195,"column":8},"end":{"line":195,"column":34}},"78":{"start":{"line":196,"column":8},"end":{"line":196,"column":45}},"79":{"start":{"line":198,"column":22},"end":{"line":198,"column":46}},"80":{"start":{"line":199,"column":8},"end":{"line":201,"column":9}},"81":{"start":{"line":200,"column":12},"end":{"line":200,"column":44}},"82":{"start":{"line":209,"column":8},"end":{"line":209,"column":32}},"83":{"start":{"line":211,"column":8},"end":{"line":265,"column":9}},"84":{"start":{"line":213,"column":12},"end":{"line":213,"column":36}},"85":{"start":{"line":216,"column":33},"end":{"line":216,"column":56}},"86":{"start":{"line":217,"column":12},"end":{"line":219,"column":13}},"87":{"start":{"line":218,"column":16},"end":{"line":218,"column":37}},"88":{"start":{"line":222,"column":28},"end":{"line":222,"column":60}},"89":{"start":{"line":224,"column":12},"end":{"line":226,"column":13}},"90":{"start":{"line":225,"column":16},"end":{"line":225,"column":39}},"91":{"start":{"line":229,"column":12},"end":{"line":237,"column":13}},"92":{"start":{"line":230,"column":16},"end":{"line":236,"column":19}},"93":{"start":{"line":240,"column":12},"end":{"line":252,"column":13}},"94":{"start":{"line":241,"column":16},"end":{"line":251,"column":19}},"95":{"start":{"line":255,"column":12},"end":{"line":261,"column":13}},"96":{"start":{"line":256,"column":16},"end":{"line":260,"column":25}},"97":{"start":{"line":257,"column":20},"end":{"line":259,"column":21}},"98":{"start":{"line":258,"column":24},"end":{"line":258,"column":70}},"99":{"start":{"line":264,"column":12},"end":{"line":264,"column":36}},"100":{"start":{"line":276,"column":8},"end":{"line":278,"column":9}},"101":{"start":{"line":277,"column":12},"end":{"line":277,"column":48}},"102":{"start":{"line":281,"column":8},"end":{"line":284,"column":9}},"103":{"start":{"line":282,"column":30},"end":{"line":282,"column":72}},"104":{"start":{"line":283,"column":12},"end":{"line":283,"column":117}},"105":{"start":{"line":287,"column":8},"end":{"line":289,"column":9}},"106":{"start":{"line":288,"column":12},"end":{"line":288,"column":45}},"107":{"start":{"line":292,"column":26},"end":{"line":292,"column":58}},"108":{"start":{"line":293,"column":8},"end":{"line":295,"column":9}},"109":{"start":{"line":294,"column":12},"end":{"line":294,"column":118}},"110":{"start":{"line":298,"column":8},"end":{"line":300,"column":9}},"111":{"start":{"line":299,"column":12},"end":{"line":299,"column":59}},"112":{"start":{"line":303,"column":8},"end":{"line":305,"column":9}},"113":{"start":{"line":304,"column":12},"end":{"line":304,"column":69}},"114":{"start":{"line":307,"column":8},"end":{"line":307,"column":20}},"115":{"start":{"line":316,"column":8},"end":{"line":353,"column":11}},"116":{"start":{"line":317,"column":27},"end":{"line":317,"column":43}},"117":{"start":{"line":319,"column":12},"end":{"line":337,"column":14}},"118":{"start":{"line":320,"column":16},"end":{"line":336,"column":17}},"119":{"start":{"line":321,"column":36},"end":{"line":321,"column":55}},"120":{"start":{"line":324,"column":20},"end":{"line":326,"column":21}},"121":{"start":{"line":325,"column":24},"end":{"line":325,"column":77}},"122":{"start":{"line":329,"column":20},"end":{"line":331,"column":21}},"123":{"start":{"line":330,"column":24},"end":{"line":330,"column":99}},"124":{"start":{"line":333,"column":20},"end":{"line":333,"column":37}},"125":{"start":{"line":335,"column":20},"end":{"line":335,"column":34}},"126":{"start":{"line":339,"column":12},"end":{"line":341,"column":14}},"127":{"start":{"line":340,"column":16},"end":{"line":340,"column":104}},"128":{"start":{"line":343,"column":12},"end":{"line":349,"column":14}},"129":{"start":{"line":344,"column":16},"end":{"line":348,"column":17}},"130":{"start":{"line":345,"column":36},"end":{"line":345,"column":82}},"131":{"start":{"line":346,"column":20},"end":{"line":346,"column":45}},"132":{"start":{"line":347,"column":20},"end":{"line":347,"column":47}},"133":{"start":{"line":352,"column":12},"end":{"line":352,"column":45}},"134":{"start":{"line":361,"column":8},"end":{"line":361,"column":44}},"135":{"start":{"line":361,"column":37},"end":{"line":361,"column":44}},"136":{"start":{"line":363,"column":8},"end":{"line":363,"column":55}},"137":{"start":{"line":365,"column":8},"end":{"line":367,"column":9}},"138":{"start":{"line":366,"column":12},"end":{"line":366,"column":85}},"139":{"start":{"line":369,"column":8},"end":{"line":377,"column":9}},"140":{"start":{"line":370,"column":12},"end":{"line":376,"column":13}},"141":{"start":{"line":371,"column":16},"end":{"line":371,"column":60}},"142":{"start":{"line":372,"column":19},"end":{"line":376,"column":13}},"143":{"start":{"line":373,"column":16},"end":{"line":373,"column":73}},"144":{"start":{"line":375,"column":16},"end":{"line":375,"column":62}},"145":{"start":{"line":380,"column":8},"end":{"line":382,"column":9}},"146":{"start":{"line":381,"column":12},"end":{"line":381,"column":37}},"147":{"start":{"line":390,"column":8},"end":{"line":390,"column":35}},"148":{"start":{"line":390,"column":28},"end":{"line":390,"column":35}},"149":{"start":{"line":393,"column":29},"end":{"line":393,"column":118}},"150":{"start":{"line":394,"column":8},"end":{"line":394,"column":56}},"151":{"start":{"line":397,"column":8},"end":{"line":421,"column":9}},"152":{"start":{"line":399,"column":16},"end":{"line":399,"column":60}},"153":{"start":{"line":400,"column":16},"end":{"line":400,"column":121}},"154":{"start":{"line":401,"column":16},"end":{"line":401,"column":22}},"155":{"start":{"line":403,"column":16},"end":{"line":403,"column":57}},"156":{"start":{"line":404,"column":16},"end":{"line":404,"column":76}},"157":{"start":{"line":405,"column":16},"end":{"line":405,"column":22}},"158":{"start":{"line":407,"column":16},"end":{"line":407,"column":58}},"159":{"start":{"line":408,"column":16},"end":{"line":408,"column":89}},"160":{"start":{"line":409,"column":16},"end":{"line":409,"column":22}},"161":{"start":{"line":411,"column":16},"end":{"line":411,"column":60}},"162":{"start":{"line":412,"column":16},"end":{"line":412,"column":124}},"163":{"start":{"line":413,"column":16},"end":{"line":413,"column":22}},"164":{"start":{"line":415,"column":16},"end":{"line":415,"column":58}},"165":{"start":{"line":416,"column":16},"end":{"line":416,"column":22}},"166":{"start":{"line":418,"column":16},"end":{"line":418,"column":60}},"167":{"start":{"line":419,"column":16},"end":{"line":419,"column":77}},"168":{"start":{"line":419,"column":33},"end":{"line":419,"column":69}},"169":{"start":{"line":420,"column":16},"end":{"line":420,"column":22}},"170":{"start":{"line":429,"column":8},"end":{"line":429,"column":40}},"171":{"start":{"line":429,"column":33},"end":{"line":429,"column":40}},"172":{"start":{"line":431,"column":8},"end":{"line":451,"column":9}},"173":{"start":{"line":432,"column":26},"end":{"line":432,"column":47}},"174":{"start":{"line":435,"column":12},"end":{"line":437,"column":14}},"175":{"start":{"line":436,"column":16},"end":{"line":436,"column":77}},"176":{"start":{"line":440,"column":12},"end":{"line":440,"column":38}},"177":{"start":{"line":443,"column":12},"end":{"line":445,"column":13}},"178":{"start":{"line":444,"column":16},"end":{"line":444,"column":65}},"179":{"start":{"line":448,"column":12},"end":{"line":448,"column":85}},"180":{"start":{"line":450,"column":12},"end":{"line":450,"column":67}},"181":{"start":{"line":459,"column":8},"end":{"line":459,"column":43}},"182":{"start":{"line":459,"column":33},"end":{"line":459,"column":43}},"183":{"start":{"line":461,"column":8},"end":{"line":467,"column":9}},"184":{"start":{"line":462,"column":32},"end":{"line":462,"column":79}},"185":{"start":{"line":463,"column":12},"end":{"line":463,"column":62}},"186":{"start":{"line":465,"column":12},"end":{"line":465,"column":64}},"187":{"start":{"line":466,"column":12},"end":{"line":466,"column":22}},"188":{"start":{"line":474,"column":8},"end":{"line":478,"column":9}},"189":{"start":{"line":475,"column":12},"end":{"line":475,"column":63}},"190":{"start":{"line":477,"column":12},"end":{"line":477,"column":65}},"191":{"start":{"line":486,"column":8},"end":{"line":486,"column":51}},"192":{"start":{"line":488,"column":8},"end":{"line":488,"column":43}},"193":{"start":{"line":490,"column":8},"end":{"line":492,"column":9}},"194":{"start":{"line":491,"column":12},"end":{"line":491,"column":58}},"195":{"start":{"line":494,"column":8},"end":{"line":499,"column":9}},"196":{"start":{"line":495,"column":12},"end":{"line":495,"column":32}},"197":{"start":{"line":498,"column":12},"end":{"line":498,"column":50}},"198":{"start":{"line":502,"column":8},"end":{"line":504,"column":17}},"199":{"start":{"line":503,"column":12},"end":{"line":503,"column":49}},"200":{"start":{"line":513,"column":29},"end":{"line":513,"column":54}},"201":{"start":{"line":514,"column":8},"end":{"line":514,"column":87}},"202":{"start":{"line":523,"column":26},"end":{"line":523,"column":57}},"203":{"start":{"line":524,"column":24},"end":{"line":528,"column":9}},"204":{"start":{"line":529,"column":8},"end":{"line":529,"column":50}},"205":{"start":{"line":538,"column":8},"end":{"line":538,"column":38}},"206":{"start":{"line":538,"column":25},"end":{"line":538,"column":38}},"207":{"start":{"line":540,"column":22},"end":{"line":540,"column":45}},"208":{"start":{"line":541,"column":18},"end":{"line":541,"column":22}},"209":{"start":{"line":542,"column":18},"end":{"line":542,"column":59}},"210":{"start":{"line":544,"column":8},"end":{"line":544,"column":68}},"211":{"start":{"line":552,"column":8},"end":{"line":557,"column":10}},"212":{"start":{"line":565,"column":8},"end":{"line":565,"column":32}},"213":{"start":{"line":572,"column":8},"end":{"line":572,"column":32}},"214":{"start":{"line":573,"column":8},"end":{"line":573,"column":34}},"215":{"start":{"line":575,"column":8},"end":{"line":577,"column":9}},"216":{"start":{"line":576,"column":12},"end":{"line":576,"column":38}},"217":{"start":{"line":579,"column":8},"end":{"line":581,"column":9}},"218":{"start":{"line":580,"column":12},"end":{"line":580,"column":58}},"219":{"start":{"line":583,"column":8},"end":{"line":583,"column":45}},"220":{"start":{"line":591,"column":8},"end":{"line":596,"column":9}},"221":{"start":{"line":592,"column":12},"end":{"line":592,"column":81}},"222":{"start":{"line":593,"column":12},"end":{"line":593,"column":79}},"223":{"start":{"line":594,"column":12},"end":{"line":594,"column":81}},"224":{"start":{"line":595,"column":12},"end":{"line":595,"column":71}},"225":{"start":{"line":599,"column":8},"end":{"line":601,"column":9}},"226":{"start":{"line":600,"column":12},"end":{"line":600,"column":66}},"227":{"start":{"line":604,"column":8},"end":{"line":604,"column":29}},"228":{"start":{"line":605,"column":8},"end":{"line":605,"column":30}},"229":{"start":{"line":606,"column":8},"end":{"line":606,"column":38}},"230":{"start":{"line":607,"column":8},"end":{"line":607,"column":32}},"231":{"start":{"line":608,"column":8},"end":{"line":608,"column":33}},"232":{"start":{"line":609,"column":8},"end":{"line":609,"column":32}},"233":{"start":{"line":614,"column":0},"end":{"line":616,"column":1}},"234":{"start":{"line":615,"column":4},"end":{"line":615,"column":33}}},"fnMap":{"0":{"name":"(anonymous_0)","decl":{"start":{"line":18,"column":4},"end":{"line":18,"column":5}},"loc":{"start":{"line":18,"column":30},"end":{"line":47,"column":5}},"line":18},"1":{"name":"(anonymous_1)","decl":{"start":{"line":53,"column":4},"end":{"line":53,"column":5}},"loc":{"start":{"line":53,"column":28},"end":{"line":88,"column":5}},"line":53},"2":{"name":"(anonymous_2)","decl":{"start":{"line":75,"column":45},"end":{"line":75,"column":46}},"loc":{"start":{"line":75,"column":56},"end":{"line":80,"column":9}},"line":75},"3":{"name":"(anonymous_3)","decl":{"start":{"line":83,"column":43},"end":{"line":83,"column":44}},"loc":{"start":{"line":83,"column":49},"end":{"line":85,"column":9}},"line":83},"4":{"name":"(anonymous_4)","decl":{"start":{"line":94,"column":4},"end":{"line":94,"column":5}},"loc":{"start":{"line":94,"column":33},"end":{"line":112,"column":5}},"line":94},"5":{"name":"(anonymous_5)","decl":{"start":{"line":107,"column":50},"end":{"line":107,"column":51}},"loc":{"start":{"line":107,"column":61},"end":{"line":111,"column":9}},"line":107},"6":{"name":"(anonymous_6)","decl":{"start":{"line":118,"column":4},"end":{"line":118,"column":5}},"loc":{"start":{"line":118,"column":38},"end":{"line":132,"column":5}},"line":118},"7":{"name":"(anonymous_7)","decl":{"start":{"line":137,"column":4},"end":{"line":137,"column":5}},"loc":{"start":{"line":137,"column":21},"end":{"line":142,"column":5}},"line":137},"8":{"name":"(anonymous_8)","decl":{"start":{"line":148,"column":4},"end":{"line":148,"column":5}},"loc":{"start":{"line":148,"column":27},"end":{"line":156,"column":5}},"line":148},"9":{"name":"(anonymous_9)","decl":{"start":{"line":162,"column":4},"end":{"line":162,"column":5}},"loc":{"start":{"line":162,"column":26},"end":{"line":170,"column":5}},"line":162},"10":{"name":"(anonymous_10)","decl":{"start":{"line":176,"column":4},"end":{"line":176,"column":5}},"loc":{"start":{"line":176,"column":27},"end":{"line":185,"column":5}},"line":176},"11":{"name":"(anonymous_11)","decl":{"start":{"line":191,"column":4},"end":{"line":191,"column":5}},"loc":{"start":{"line":191,"column":22},"end":{"line":202,"column":5}},"line":191},"12":{"name":"(anonymous_12)","decl":{"start":{"line":208,"column":4},"end":{"line":208,"column":5}},"loc":{"start":{"line":208,"column":33},"end":{"line":266,"column":5}},"line":208},"13":{"name":"(anonymous_13)","decl":{"start":{"line":256,"column":27},"end":{"line":256,"column":28}},"loc":{"start":{"line":256,"column":33},"end":{"line":260,"column":17}},"line":256},"14":{"name":"(anonymous_14)","decl":{"start":{"line":274,"column":4},"end":{"line":274,"column":5}},"loc":{"start":{"line":274,"column":23},"end":{"line":308,"column":5}},"line":274},"15":{"name":"(anonymous_15)","decl":{"start":{"line":315,"column":4},"end":{"line":315,"column":5}},"loc":{"start":{"line":315,"column":26},"end":{"line":354,"column":5}},"line":315},"16":{"name":"(anonymous_16)","decl":{"start":{"line":316,"column":27},"end":{"line":316,"column":28}},"loc":{"start":{"line":316,"column":48},"end":{"line":353,"column":9}},"line":316},"17":{"name":"(anonymous_17)","decl":{"start":{"line":319,"column":28},"end":{"line":319,"column":29}},"loc":{"start":{"line":319,"column":39},"end":{"line":337,"column":13}},"line":319},"18":{"name":"(anonymous_18)","decl":{"start":{"line":339,"column":29},"end":{"line":339,"column":30}},"loc":{"start":{"line":339,"column":35},"end":{"line":341,"column":13}},"line":339},"19":{"name":"(anonymous_19)","decl":{"start":{"line":343,"column":32},"end":{"line":343,"column":33}},"loc":{"start":{"line":343,"column":43},"end":{"line":349,"column":13}},"line":343},"20":{"name":"(anonymous_20)","decl":{"start":{"line":360,"column":4},"end":{"line":360,"column":5}},"loc":{"start":{"line":360,"column":26},"end":{"line":383,"column":5}},"line":360},"21":{"name":"(anonymous_21)","decl":{"start":{"line":389,"column":4},"end":{"line":389,"column":5}},"loc":{"start":{"line":389,"column":32},"end":{"line":422,"column":5}},"line":389},"22":{"name":"(anonymous_22)","decl":{"start":{"line":419,"column":27},"end":{"line":419,"column":28}},"loc":{"start":{"line":419,"column":33},"end":{"line":419,"column":69}},"line":419},"23":{"name":"(anonymous_23)","decl":{"start":{"line":428,"column":4},"end":{"line":428,"column":5}},"loc":{"start":{"line":428,"column":28},"end":{"line":452,"column":5}},"line":428},"24":{"name":"(anonymous_24)","decl":{"start":{"line":435,"column":37},"end":{"line":435,"column":38}},"loc":{"start":{"line":436,"column":16},"end":{"line":436,"column":77}},"line":436},"25":{"name":"(anonymous_25)","decl":{"start":{"line":458,"column":4},"end":{"line":458,"column":5}},"loc":{"start":{"line":458,"column":21},"end":{"line":468,"column":5}},"line":458},"26":{"name":"(anonymous_26)","decl":{"start":{"line":473,"column":4},"end":{"line":473,"column":5}},"loc":{"start":{"line":473,"column":19},"end":{"line":479,"column":5}},"line":473},"27":{"name":"(anonymous_27)","decl":{"start":{"line":485,"column":4},"end":{"line":485,"column":5}},"loc":{"start":{"line":485,"column":23},"end":{"line":505,"column":5}},"line":485},"28":{"name":"(anonymous_28)","decl":{"start":{"line":502,"column":19},"end":{"line":502,"column":20}},"loc":{"start":{"line":502,"column":25},"end":{"line":504,"column":9}},"line":502},"29":{"name":"(anonymous_29)","decl":{"start":{"line":512,"column":4},"end":{"line":512,"column":5}},"loc":{"start":{"line":512,"column":31},"end":{"line":515,"column":5}},"line":512},"30":{"name":"(anonymous_30)","decl":{"start":{"line":522,"column":4},"end":{"line":522,"column":5}},"loc":{"start":{"line":522,"column":39},"end":{"line":530,"column":5}},"line":522},"31":{"name":"(anonymous_31)","decl":{"start":{"line":537,"column":4},"end":{"line":537,"column":5}},"loc":{"start":{"line":537,"column":26},"end":{"line":545,"column":5}},"line":537},"32":{"name":"(anonymous_32)","decl":{"start":{"line":551,"column":4},"end":{"line":551,"column":5}},"loc":{"start":{"line":551,"column":25},"end":{"line":558,"column":5}},"line":551},"33":{"name":"(anonymous_33)","decl":{"start":{"line":564,"column":4},"end":{"line":564,"column":5}},"loc":{"start":{"line":564,"column":21},"end":{"line":566,"column":5}},"line":564},"34":{"name":"(anonymous_34)","decl":{"start":{"line":571,"column":4},"end":{"line":571,"column":5}},"loc":{"start":{"line":571,"column":12},"end":{"line":584,"column":5}},"line":571},"35":{"name":"(anonymous_35)","decl":{"start":{"line":589,"column":4},"end":{"line":589,"column":5}},"loc":{"start":{"line":589,"column":14},"end":{"line":610,"column":5}},"line":589}},"branchMap":{"0":{"loc":{"start":{"line":18,"column":16},"end":{"line":18,"column":28}},"type":"default-arg","locations":[{"start":{"line":18,"column":26},"end":{"line":18,"column":28}}],"line":18},"1":{"loc":{"start":{"line":19,"column":27},"end":{"line":19,"column":66}},"type":"binary-expr","locations":[{"start":{"line":19,"column":27},"end":{"line":19,"column":46}},{"start":{"line":19,"column":50},"end":{"line":19,"column":66}}],"line":19},"2":{"loc":{"start":{"line":20,"column":28},"end":{"line":20,"column":77}},"type":"binary-expr","locations":[{"start":{"line":20,"column":28},"end":{"line":20,"column":48}},{"start":{"line":20,"column":52},"end":{"line":20,"column":77}}],"line":20},"3":{"loc":{"start":{"line":22,"column":31},"end":{"line":22,"column":60}},"type":"binary-expr","locations":[{"start":{"line":22,"column":31},"end":{"line":22,"column":54}},{"start":{"line":22,"column":58},"end":{"line":22,"column":60}}],"line":22},"4":{"loc":{"start":{"line":32,"column":26},"end":{"line":32,"column":52}},"type":"binary-expr","locations":[{"start":{"line":32,"column":26},"end":{"line":32,"column":44}},{"start":{"line":32,"column":48},"end":{"line":32,"column":52}}],"line":32},"5":{"loc":{"start":{"line":33,"column":26},"end":{"line":33,"column":52}},"type":"binary-expr","locations":[{"start":{"line":33,"column":26},"end":{"line":33,"column":44}},{"start":{"line":33,"column":48},"end":{"line":33,"column":52}}],"line":33},"6":{"loc":{"start":{"line":34,"column":23},"end":{"line":34,"column":46}},"type":"binary-expr","locations":[{"start":{"line":34,"column":23},"end":{"line":34,"column":38}},{"start":{"line":34,"column":42},"end":{"line":34,"column":46}}],"line":34},"7":{"loc":{"start":{"line":35,"column":33},"end":{"line":35,"column":66}},"type":"binary-expr","locations":[{"start":{"line":35,"column":33},"end":{"line":35,"column":58}},{"start":{"line":35,"column":62},"end":{"line":35,"column":66}}],"line":35},"8":{"loc":{"start":{"line":54,"column":8},"end":{"line":56,"column":9}},"type":"if","locations":[{"start":{"line":54,"column":8},"end":{"line":56,"column":9}},{"start":{},"end":{}}],"line":54},"9":{"loc":{"start":{"line":76,"column":12},"end":{"line":79,"column":13}},"type":"if","locations":[{"start":{"line":76,"column":12},"end":{"line":79,"column":13}},{"start":{},"end":{}}],"line":76},"10":{"loc":{"start":{"line":76,"column":16},"end":{"line":76,"column":58}},"type":"binary-expr","locations":[{"start":{"line":76,"column":16},"end":{"line":76,"column":37}},{"start":{"line":76,"column":41},"end":{"line":76,"column":58}}],"line":76},"11":{"loc":{"start":{"line":95,"column":8},"end":{"line":103,"column":9}},"type":"if","locations":[{"start":{"line":95,"column":8},"end":{"line":103,"column":9}},{"start":{},"end":{}}],"line":95},"12":{"loc":{"start":{"line":108,"column":12},"end":{"line":110,"column":13}},"type":"if","locations":[{"start":{"line":108,"column":12},"end":{"line":110,"column":13}},{"start":{},"end":{}}],"line":108},"13":{"loc":{"start":{"line":108,"column":16},"end":{"line":108,"column":59}},"type":"binary-expr","locations":[{"start":{"line":108,"column":16},"end":{"line":108,"column":34}},{"start":{"line":108,"column":38},"end":{"line":108,"column":59}}],"line":108},"14":{"loc":{"start":{"line":119,"column":8},"end":{"line":119,"column":31}},"type":"if","locations":[{"start":{"line":119,"column":8},"end":{"line":119,"column":31}},{"start":{},"end":{}}],"line":119},"15":{"loc":{"start":{"line":138,"column":8},"end":{"line":140,"column":9}},"type":"if","locations":[{"start":{"line":138,"column":8},"end":{"line":140,"column":9}},{"start":{},"end":{}}],"line":138},"16":{"loc":{"start":{"line":152,"column":8},"end":{"line":155,"column":9}},"type":"if","locations":[{"start":{"line":152,"column":8},"end":{"line":155,"column":9}},{"start":{},"end":{}}],"line":152},"17":{"loc":{"start":{"line":168,"column":30},"end":{"line":168,"column":78}},"type":"cond-expr","locations":[{"start":{"line":168,"column":41},"end":{"line":168,"column":57}},{"start":{"line":168,"column":60},"end":{"line":168,"column":78}}],"line":168},"18":{"loc":{"start":{"line":181,"column":8},"end":{"line":184,"column":9}},"type":"if","locations":[{"start":{"line":181,"column":8},"end":{"line":184,"column":9}},{"start":{},"end":{}}],"line":181},"19":{"loc":{"start":{"line":199,"column":8},"end":{"line":201,"column":9}},"type":"if","locations":[{"start":{"line":199,"column":8},"end":{"line":201,"column":9}},{"start":{},"end":{}}],"line":199},"20":{"loc":{"start":{"line":199,"column":12},"end":{"line":199,"column":29}},"type":"binary-expr","locations":[{"start":{"line":199,"column":12},"end":{"line":199,"column":17}},{"start":{"line":199,"column":21},"end":{"line":199,"column":29}}],"line":199},"21":{"loc":{"start":{"line":217,"column":12},"end":{"line":219,"column":13}},"type":"if","locations":[{"start":{"line":217,"column":12},"end":{"line":219,"column":13}},{"start":{},"end":{}}],"line":217},"22":{"loc":{"start":{"line":224,"column":12},"end":{"line":226,"column":13}},"type":"if","locations":[{"start":{"line":224,"column":12},"end":{"line":226,"column":13}},{"start":{},"end":{}}],"line":224},"23":{"loc":{"start":{"line":229,"column":12},"end":{"line":237,"column":13}},"type":"if","locations":[{"start":{"line":229,"column":12},"end":{"line":237,"column":13}},{"start":{},"end":{}}],"line":229},"24":{"loc":{"start":{"line":233,"column":26},"end":{"line":233,"column":79}},"type":"binary-expr","locations":[{"start":{"line":233,"column":26},"end":{"line":233,"column":35}},{"start":{"line":233,"column":39},"end":{"line":233,"column":79}}],"line":233},"25":{"loc":{"start":{"line":240,"column":12},"end":{"line":252,"column":13}},"type":"if","locations":[{"start":{"line":240,"column":12},"end":{"line":252,"column":13}},{"start":{},"end":{}}],"line":240},"26":{"loc":{"start":{"line":247,"column":30},"end":{"line":247,"column":83}},"type":"binary-expr","locations":[{"start":{"line":247,"column":30},"end":{"line":247,"column":39}},{"start":{"line":247,"column":43},"end":{"line":247,"column":83}}],"line":247},"27":{"loc":{"start":{"line":255,"column":12},"end":{"line":261,"column":13}},"type":"if","locations":[{"start":{"line":255,"column":12},"end":{"line":261,"column":13}},{"start":{},"end":{}}],"line":255},"28":{"loc":{"start":{"line":257,"column":20},"end":{"line":259,"column":21}},"type":"if","locations":[{"start":{"line":257,"column":20},"end":{"line":259,"column":21}},{"start":{},"end":{}}],"line":257},"29":{"loc":{"start":{"line":276,"column":8},"end":{"line":278,"column":9}},"type":"if","locations":[{"start":{"line":276,"column":8},"end":{"line":278,"column":9}},{"start":{},"end":{}}],"line":276},"30":{"loc":{"start":{"line":281,"column":8},"end":{"line":284,"column":9}},"type":"if","locations":[{"start":{"line":281,"column":8},"end":{"line":284,"column":9}},{"start":{},"end":{}}],"line":281},"31":{"loc":{"start":{"line":287,"column":8},"end":{"line":289,"column":9}},"type":"if","locations":[{"start":{"line":287,"column":8},"end":{"line":289,"column":9}},{"start":{},"end":{}}],"line":287},"32":{"loc":{"start":{"line":293,"column":8},"end":{"line":295,"column":9}},"type":"if","locations":[{"start":{"line":293,"column":8},"end":{"line":295,"column":9}},{"start":{},"end":{}}],"line":293},"33":{"loc":{"start":{"line":298,"column":8},"end":{"line":300,"column":9}},"type":"if","locations":[{"start":{"line":298,"column":8},"end":{"line":300,"column":9}},{"start":{},"end":{}}],"line":298},"34":{"loc":{"start":{"line":298,"column":12},"end":{"line":298,"column":49}},"type":"binary-expr","locations":[{"start":{"line":298,"column":12},"end":{"line":298,"column":22}},{"start":{"line":298,"column":26},"end":{"line":298,"column":49}}],"line":298},"35":{"loc":{"start":{"line":303,"column":8},"end":{"line":305,"column":9}},"type":"if","locations":[{"start":{"line":303,"column":8},"end":{"line":305,"column":9}},{"start":{},"end":{}}],"line":303},"36":{"loc":{"start":{"line":303,"column":12},"end":{"line":303,"column":79}},"type":"binary-expr","locations":[{"start":{"line":303,"column":12},"end":{"line":303,"column":36}},{"start":{"line":303,"column":40},"end":{"line":303,"column":79}}],"line":303},"37":{"loc":{"start":{"line":324,"column":20},"end":{"line":326,"column":21}},"type":"if","locations":[{"start":{"line":324,"column":20},"end":{"line":326,"column":21}},{"start":{},"end":{}}],"line":324},"38":{"loc":{"start":{"line":329,"column":20},"end":{"line":331,"column":21}},"type":"if","locations":[{"start":{"line":329,"column":20},"end":{"line":331,"column":21}},{"start":{},"end":{}}],"line":329},"39":{"loc":{"start":{"line":340,"column":60},"end":{"line":340,"column":100}},"type":"binary-expr","locations":[{"start":{"line":340,"column":60},"end":{"line":340,"column":81}},{"start":{"line":340,"column":85},"end":{"line":340,"column":100}}],"line":340},"40":{"loc":{"start":{"line":344,"column":16},"end":{"line":348,"column":17}},"type":"if","locations":[{"start":{"line":344,"column":16},"end":{"line":348,"column":17}},{"start":{},"end":{}}],"line":344},"41":{"loc":{"start":{"line":344,"column":20},"end":{"line":344,"column":61}},"type":"binary-expr","locations":[{"start":{"line":344,"column":20},"end":{"line":344,"column":42}},{"start":{"line":344,"column":46},"end":{"line":344,"column":61}}],"line":344},"42":{"loc":{"start":{"line":361,"column":8},"end":{"line":361,"column":44}},"type":"if","locations":[{"start":{"line":361,"column":8},"end":{"line":361,"column":44}},{"start":{},"end":{}}],"line":361},"43":{"loc":{"start":{"line":365,"column":8},"end":{"line":367,"column":9}},"type":"if","locations":[{"start":{"line":365,"column":8},"end":{"line":367,"column":9}},{"start":{},"end":{}}],"line":365},"44":{"loc":{"start":{"line":369,"column":8},"end":{"line":377,"column":9}},"type":"if","locations":[{"start":{"line":369,"column":8},"end":{"line":377,"column":9}},{"start":{},"end":{}}],"line":369},"45":{"loc":{"start":{"line":370,"column":12},"end":{"line":376,"column":13}},"type":"if","locations":[{"start":{"line":370,"column":12},"end":{"line":376,"column":13}},{"start":{"line":372,"column":19},"end":{"line":376,"column":13}}],"line":370},"46":{"loc":{"start":{"line":372,"column":19},"end":{"line":376,"column":13}},"type":"if","locations":[{"start":{"line":372,"column":19},"end":{"line":376,"column":13}},{"start":{"line":374,"column":19},"end":{"line":376,"column":13}}],"line":372},"47":{"loc":{"start":{"line":380,"column":8},"end":{"line":382,"column":9}},"type":"if","locations":[{"start":{"line":380,"column":8},"end":{"line":382,"column":9}},{"start":{},"end":{}}],"line":380},"48":{"loc":{"start":{"line":390,"column":8},"end":{"line":390,"column":35}},"type":"if","locations":[{"start":{"line":390,"column":8},"end":{"line":390,"column":35}},{"start":{},"end":{}}],"line":390},"49":{"loc":{"start":{"line":397,"column":8},"end":{"line":421,"column":9}},"type":"switch","locations":[{"start":{"line":398,"column":12},"end":{"line":401,"column":22}},{"start":{"line":402,"column":12},"end":{"line":405,"column":22}},{"start":{"line":406,"column":12},"end":{"line":409,"column":22}},{"start":{"line":410,"column":12},"end":{"line":413,"column":22}},{"start":{"line":414,"column":12},"end":{"line":416,"column":22}},{"start":{"line":417,"column":12},"end":{"line":420,"column":22}}],"line":397},"50":{"loc":{"start":{"line":429,"column":8},"end":{"line":429,"column":40}},"type":"if","locations":[{"start":{"line":429,"column":8},"end":{"line":429,"column":40}},{"start":{},"end":{}}],"line":429},"51":{"loc":{"start":{"line":436,"column":18},"end":{"line":436,"column":76}},"type":"binary-expr","locations":[{"start":{"line":436,"column":18},"end":{"line":436,"column":45}},{"start":{"line":436,"column":49},"end":{"line":436,"column":76}}],"line":436},"52":{"loc":{"start":{"line":443,"column":12},"end":{"line":445,"column":13}},"type":"if","locations":[{"start":{"line":443,"column":12},"end":{"line":445,"column":13}},{"start":{},"end":{}}],"line":443},"53":{"loc":{"start":{"line":459,"column":8},"end":{"line":459,"column":43}},"type":"if","locations":[{"start":{"line":459,"column":8},"end":{"line":459,"column":43}},{"start":{},"end":{}}],"line":459},"54":{"loc":{"start":{"line":463,"column":19},"end":{"line":463,"column":61}},"type":"cond-expr","locations":[{"start":{"line":463,"column":33},"end":{"line":463,"column":56}},{"start":{"line":463,"column":59},"end":{"line":463,"column":61}}],"line":463},"55":{"loc":{"start":{"line":490,"column":8},"end":{"line":492,"column":9}},"type":"if","locations":[{"start":{"line":490,"column":8},"end":{"line":492,"column":9}},{"start":{},"end":{}}],"line":490},"56":{"loc":{"start":{"line":494,"column":8},"end":{"line":499,"column":9}},"type":"if","locations":[{"start":{"line":494,"column":8},"end":{"line":499,"column":9}},{"start":{"line":496,"column":15},"end":{"line":499,"column":9}}],"line":494},"57":{"loc":{"start":{"line":514,"column":15},"end":{"line":514,"column":86}},"type":"cond-expr","locations":[{"start":{"line":514,"column":35},"end":{"line":514,"column":81}},{"start":{"line":514,"column":84},"end":{"line":514,"column":86}}],"line":514},"58":{"loc":{"start":{"line":529,"column":15},"end":{"line":529,"column":49}},"type":"binary-expr","locations":[{"start":{"line":529,"column":15},"end":{"line":529,"column":33}},{"start":{"line":529,"column":37},"end":{"line":529,"column":49}}],"line":529},"59":{"loc":{"start":{"line":538,"column":8},"end":{"line":538,"column":38}},"type":"if","locations":[{"start":{"line":538,"column":8},"end":{"line":538,"column":38}},{"start":{},"end":{}}],"line":538},"60":{"loc":{"start":{"line":553,"column":12},"end":{"line":556,"column":39}},"type":"binary-expr","locations":[{"start":{"line":553,"column":12},"end":{"line":553,"column":39}},{"start":{"line":554,"column":12},"end":{"line":554,"column":45}},{"start":{"line":555,"column":12},"end":{"line":555,"column":43}},{"start":{"line":556,"column":12},"end":{"line":556,"column":39}}],"line":553},"61":{"loc":{"start":{"line":575,"column":8},"end":{"line":577,"column":9}},"type":"if","locations":[{"start":{"line":575,"column":8},"end":{"line":577,"column":9}},{"start":{},"end":{}}],"line":575},"62":{"loc":{"start":{"line":579,"column":8},"end":{"line":581,"column":9}},"type":"if","locations":[{"start":{"line":579,"column":8},"end":{"line":581,"column":9}},{"start":{},"end":{}}],"line":579},"63":{"loc":{"start":{"line":591,"column":8},"end":{"line":596,"column":9}},"type":"if","locations":[{"start":{"line":591,"column":8},"end":{"line":596,"column":9}},{"start":{},"end":{}}],"line":591},"64":{"loc":{"start":{"line":599,"column":8},"end":{"line":601,"column":9}},"type":"if","locations":[{"start":{"line":599,"column":8},"end":{"line":601,"column":9}},{"start":{},"end":{}}],"line":599},"65":{"loc":{"start":{"line":599,"column":12},"end":{"line":599,"column":55}},"type":"binary-expr","locations":[{"start":{"line":599,"column":12},"end":{"line":599,"column":26}},{"start":{"line":599,"column":30},"end":{"line":599,"column":55}}],"line":599},"66":{"loc":{"start":{"line":614,"column":0},"end":{"line":616,"column":1}},"type":"if","locations":[{"start":{"line":614,"column":0},"end":{"line":616,"column":1}},{"start":{},"end":{}}],"line":614},"67":{"loc":{"start":{"line":614,"column":4},"end":{"line":614,"column":51}},"type":"binary-expr","locations":[{"start":{"line":614,"column":4},"end":{"line":614,"column":33}},{"start":{"line":614,"column":37},"end":{"line":614,"column":51}}],"line":614}},"s":{"0":67,"1":67,"2":67,"3":67,"4":67,"5":67,"6":67,"7":67,"8":67,"9":67,"10":67,"11":67,"12":67,"13":67,"14":67,"15":67,"16":67,"17":67,"18":67,"19":67,"20":20,"21":2,"22":18,"23":18,"24":18,"25":18,"26":18,"27":18,"28":18,"29":18,"30":18,"31":18,"32":3,"33":2,"34":2,"35":18,"36":0,"37":18,"38":5,"39":0,"40":0,"41":0,"42":0,"43":0,"44":0,"45":5,"46":5,"47":5,"48":1,"49":1,"50":9,"51":1,"52":8,"53":8,"54":8,"55":8,"56":8,"57":0,"58":0,"59":0,"60":2,"61":2,"62":2,"63":1,"64":1,"65":2,"66":2,"67":2,"68":2,"69":2,"70":2,"71":2,"72":2,"73":1,"74":1,"75":2,"76":2,"77":2,"78":2,"79":2,"80":2,"81":2,"82":2,"83":2,"84":2,"85":1,"86":1,"87":0,"88":1,"89":1,"90":0,"91":1,"92":1,"93":1,"94":1,"95":1,"96":0,"97":0,"98":0,"99":1,"100":14,"101":2,"102":12,"103":3,"104":3,"105":9,"106":1,"107":8,"108":8,"109":2,"110":6,"111":0,"112":6,"113":2,"114":4,"115":5,"116":5,"117":5,"118":4,"119":4,"120":4,"121":0,"122":4,"123":1,"124":3,"125":1,"126":5,"127":1,"128":5,"129":1,"130":1,"131":1,"132":1,"133":5,"134":6,"135":0,"136":6,"137":6,"138":6,"139":6,"140":6,"141":2,"142":4,"143":2,"144":2,"145":6,"146":1,"147":26,"148":1,"149":25,"150":25,"151":25,"152":20,"153":20,"154":20,"155":1,"156":1,"157":1,"158":1,"159":1,"160":1,"161":1,"162":1,"163":1,"164":1,"165":1,"166":1,"167":1,"168":0,"169":1,"170":9,"171":1,"172":8,"173":8,"174":8,"175":11,"176":8,"177":8,"178":2,"179":8,"180":0,"181":10,"182":0,"183":10,"184":10,"185":10,"186":0,"187":0,"188":1,"189":1,"190":0,"191":4,"192":4,"193":4,"194":0,"195":4,"196":2,"197":2,"198":4,"199":0,"200":16,"201":16,"202":4,"203":4,"204":4,"205":9,"206":1,"207":8,"208":8,"209":8,"210":8,"211":2,"212":2,"213":1,"214":1,"215":1,"216":1,"217":1,"218":1,"219":1,"220":1,"221":1,"222":1,"223":1,"224":1,"225":1,"226":1,"227":1,"228":1,"229":1,"230":1,"231":1,"232":1,"233":1,"234":1},"f":{"0":67,"1":20,"2":3,"3":0,"4":5,"5":1,"6":9,"7":0,"8":2,"9":2,"10":2,"11":2,"12":2,"13":0,"14":14,"15":5,"16":5,"17":4,"18":1,"19":1,"20":6,"21":26,"22":0,"23":9,"24":11,"25":10,"26":1,"27":4,"28":0,"29":16,"30":4,"31":9,"32":2,"33":2,"34":1,"35":1},"b":{"0":[61],"1":[67,66],"2":[67,65],"3":[67,65],"4":[67,65],"5":[67,66],"6":[67,65],"7":[67,66],"8":[2,18],"9":[2,1],"10":[3,2],"11":[0,5],"12":[1,0],"13":[1,1],"14":[1,8],"15":[0,0],"16":[1,1],"17":[1,1],"18":[1,1],"19":[2,0],"20":[2,2],"21":[0,1],"22":[0,1],"23":[1,0],"24":[1,0],"25":[1,0],"26":[1,0],"27":[0,1],"28":[0,0],"29":[2,12],"30":[3,9],"31":[1,8],"32":[2,6],"33":[0,6],"34":[6,6],"35":[2,4],"36":[6,5],"37":[0,4],"38":[1,3],"39":[1,0],"40":[1,0],"41":[1,1],"42":[0,6],"43":[6,0],"44":[6,0],"45":[2,4],"46":[2,2],"47":[1,5],"48":[1,25],"49":[20,1,1,1,1,1],"50":[1,8],"51":[11,1],"52":[2,6],"53":[0,10],"54":[8,2],"55":[0,4],"56":[2,2],"57":[14,2],"58":[4,1],"59":[1,8],"60":[2,1,1,1],"61":[1,0],"62":[1,0],"63":[1,0],"64":[1,0],"65":[1,1],"66":[1,0],"67":[1,1]},"_coverageSchema":"1a1c01bbd47fc00a2c39e90264f33305004495a9","hash":"7e85c3dcad3e105b1d444bdfd4e0a1b65164b615"}
,"/Users/christianriesener/Projekte/DynamicParameterHelper/src/InteractiveTreeView.js": {"path":"/Users/christianriesener/Projekte/DynamicParameterHelper/src/InteractiveTreeView.js","statementMap":{"0":{"start":{"line":15,"column":8},"end":{"line":15,"column":35}},"1":{"start":{"line":16,"column":8},"end":{"line":39,"column":10}},"2":{"start":{"line":42,"column":8},"end":{"line":42,"column":57}},"3":{"start":{"line":43,"column":8},"end":{"line":43,"column":60}},"4":{"start":{"line":44,"column":8},"end":{"line":44,"column":36}},"5":{"start":{"line":47,"column":8},"end":{"line":47,"column":29}},"6":{"start":{"line":48,"column":8},"end":{"line":48,"column":33}},"7":{"start":{"line":49,"column":8},"end":{"line":49,"column":32}},"8":{"start":{"line":50,"column":8},"end":{"line":50,"column":35}},"9":{"start":{"line":51,"column":8},"end":{"line":51,"column":36}},"10":{"start":{"line":52,"column":8},"end":{"line":52,"column":34}},"11":{"start":{"line":55,"column":8},"end":{"line":55,"column":36}},"12":{"start":{"line":56,"column":8},"end":{"line":56,"column":32}},"13":{"start":{"line":57,"column":8},"end":{"line":57,"column":38}},"14":{"start":{"line":58,"column":8},"end":{"line":58,"column":34}},"15":{"start":{"line":59,"column":8},"end":{"line":59,"column":36}},"16":{"start":{"line":60,"column":8},"end":{"line":60,"column":35}},"17":{"start":{"line":63,"column":8},"end":{"line":63,"column":60}},"18":{"start":{"line":64,"column":8},"end":{"line":64,"column":64}},"19":{"start":{"line":65,"column":8},"end":{"line":65,"column":62}},"20":{"start":{"line":67,"column":8},"end":{"line":67,"column":26}},"21":{"start":{"line":74,"column":8},"end":{"line":74,"column":34}},"22":{"start":{"line":75,"column":8},"end":{"line":75,"column":31}},"23":{"start":{"line":76,"column":8},"end":{"line":76,"column":36}},"24":{"start":{"line":77,"column":8},"end":{"line":77,"column":25}},"25":{"start":{"line":85,"column":8},"end":{"line":85,"column":38}},"26":{"start":{"line":86,"column":8},"end":{"line":86,"column":59}},"27":{"start":{"line":87,"column":8},"end":{"line":87,"column":52}},"28":{"start":{"line":88,"column":8},"end":{"line":88,"column":77}},"29":{"start":{"line":91,"column":8},"end":{"line":93,"column":9}},"30":{"start":{"line":92,"column":12},"end":{"line":92,"column":32}},"31":{"start":{"line":96,"column":8},"end":{"line":96,"column":59}},"32":{"start":{"line":97,"column":8},"end":{"line":97,"column":56}},"33":{"start":{"line":98,"column":8},"end":{"line":102,"column":10}},"34":{"start":{"line":103,"column":8},"end":{"line":103,"column":55}},"35":{"start":{"line":106,"column":8},"end":{"line":108,"column":9}},"36":{"start":{"line":107,"column":12},"end":{"line":107,"column":32}},"37":{"start":{"line":111,"column":8},"end":{"line":120,"column":10}},"38":{"start":{"line":128,"column":8},"end":{"line":128,"column":61}},"39":{"start":{"line":129,"column":8},"end":{"line":129,"column":55}},"40":{"start":{"line":130,"column":8},"end":{"line":138,"column":10}},"41":{"start":{"line":141,"column":8},"end":{"line":143,"column":9}},"42":{"start":{"line":142,"column
[...]
7}},"192":{"start":{"line":512,"column":32},"end":{"line":512,"column":67}},"193":{"start":{"line":514,"column":8},"end":{"line":521,"column":9}},"194":{"start":{"line":515,"column":12},"end":{"line":518,"column":15}},"195":{"start":{"line":520,"column":12},"end":{"line":520,"column":54}},"196":{"start":{"line":531,"column":21},"end":{"line":531,"column":58}},"197":{"start":{"line":532,"column":26},"end":{"line":532,"column":61}},"198":{"start":{"line":533,"column":26},"end":{"line":533,"column":73}},"199":{"start":{"line":535,"column":8},"end":{"line":535,"column":54}},"200":{"start":{"line":543,"column":8},"end":{"line":552,"column":10}},"201":{"start":{"line":560,"column":8},"end":{"line":560,"column":58}},"202":{"start":{"line":562,"column":8},"end":{"line":564,"column":9}},"203":{"start":{"line":563,"column":12},"end":{"line":563,"column":37}},"204":{"start":{"line":566,"column":8},"end":{"line":566,"column":22}},"205":{"start":{"line":573,"column":8},"end":{"line":573,"column":34}},"206":{"start":{"line":574,"column":8},"end":{"line":574,"column":22}},"207":{"start":{"line":582,"column":8},"end":{"line":584,"column":9}},"208":{"start":{"line":583,"column":12},"end":{"line":583,"column":41}},"209":{"start":{"line":585,"column":8},"end":{"line":585,"column":36}},"210":{"start":{"line":593,"column":8},"end":{"line":593,"column":76}},"211":{"start":{"line":594,"column":8},"end":{"line":594,"column":69}},"212":{"start":{"line":595,"column":8},"end":{"line":595,"column":80}},"213":{"start":{"line":598,"column":8},"end":{"line":598,"column":38}},"214":{"start":{"line":601,"column":8},"end":{"line":601,"column":33}},"215":{"start":{"line":602,"column":8},"end":{"line":602,"column":31}},"216":{"start":{"line":603,"column":8},"end":{"line":603,"column":36}},"217":{"start":{"line":604,"column":8},"end":{"line":604,"column":34}},"218":{"start":{"line":612,"column":22},"end":{"line":612,"column":66}},"219":{"start":{"line":613,"column":8},"end":{"line":613,"column":44}},"220":{"start":{"line":618,"column":0},"end":{"line":622,"column":1}},"221":{"start":{"line":619,"column":4},"end":{"line":619,"column":45}},"222":{"start":{"line":620,"column":7},"end":{"line":622,"column":1}},"223":{"start":{"line":621,"column":4},"end":{"line":621,"column":53}}},"fnMap":{"0":{"name":"(anonymous_0)","decl":{"start":{"line":14,"column":4},"end":{"line":14,"column":5}},"loc":{"start":{"line":14,"column":41},"end":{"line":52,"column":5}},"line":14},"1":{"name":"(anonymous_1)","decl":{"start":{"line":57,"column":4},"end":{"line":57,"column":5}},"loc":{"start":{"line":57,"column":17},"end":{"line":61,"column":5}},"line":57},"2":{"name":"(anonymous_2)","decl":{"start":{"line":67,"column":4},"end":{"line":67,"column":5}},"loc":{"start":{"line":67,"column":25},"end":{"line":102,"column":5}},"line":67},"3":{"name":"(anonymous_3)","decl":{"start":{"line":108,"column":4},"end":{"line":108,"column":5}},"loc":{"start":{"line":108,"column":27},"end":{"line":125,"column":5}},"line":108},"4":{"name":"(anonymous_4)","decl":{"start":{"line":115,"column":53},"end":{"line":115,"column":54}},"loc":{"start":{"line":115,"column":60},"end":{"line":117,"column":9}},"line":115},"5":{"name":"(anonymous_5)","decl":{"start":{"line":119,"column":52},"end":{"line":119,"column":53}},"loc":{"start":{"line":119,"column":59},"end":{"line":124,"column":9}},"line":119},"6":{"name":"(anonymous_6)","decl":{"start":{"line":131,"column":4},"end":{"line":131,"column":5}},"loc":{"start":{"line":131,"column":19},"end":{"line":135,"column":5}},"line":131},"7":{"name":"(anonymous_7)","decl":{"start":{"line":141,"column":4},"end":{"line":141,"column":5}},"loc":{"start":{"line":141,"column":24},"end":{"line":144,"column":5}},"line":141},"8":{"name":"(anonymous_8)","decl":{"start":{"line":150,"column":4},"end":{"line":150,"column":5}},"loc":{"start":{"line":150,"column":22},"end":{"line":153,"column":5}},"line":150},"9":{"name":"(anonymous_9)","decl":{"start":{"line":159,"column":4},"end":{"line":159,"column":5}},"loc":{"start":{"line":159,"column":28},"end":{"line":176,"column":5}},"line":159},"10":{"name":"(anonymous_10)","decl":{"start":{"line":181,"column":4},"end":{"line":181,"column":5}},"loc":{"start":{"line":181,"column":13},"end":{"line":198,"column":5}},"line":181},"11":{"name":"(anonymous_11)","decl":{"start":{"line":204,"column":4},"end":{"line":204,"column":5}},"loc":{"start":{"line":204,"column":22},"end":{"line":214,"column":5}},"line":204},"12":{"name":"(anonymous_12)","decl":{"start":{"line":205,"column":61},"end":{"line":205,"column":62}},"loc":{"start":{"line":205,"column":69},"end":{"line":205,"column":76}},"line":205},"13":{"name":"(anonymous_13)","decl":{"start":{"line":220,"column":4},"end":{"line":220,"column":5}},"loc":{"start":{"line":220,"column":25},"end":{"line":235,"column":5}},"line":220},"14":{"name":"(anonymous_14)","decl":{"start":{"line":241,"column":4},"end":{"line":241,"column":5}},"loc":{"start":{"line":241,"column":25},"end":{"line":247,"column":5}},"line":241},"15":{"name":"(anonymous_15)","decl":{"start":{"line":253,"column":4},"end":{"line":253,"column":5}},"loc":{"start":{"line":253,"column":24},"end":{"line":281,"column":5}},"line":253},"16":{"name":"(anonymous_16)","decl":{"start":{"line":287,"column":4},"end":{"line":287,"column":5}},"loc":{"start":{"line":287,"column":46},"end":{"line":333,"column":5}},"line":287},"17":{"name":"(anonymous_17)","decl":{"start":{"line":339,"column":4},"end":{"line":339,"column":5}},"loc":{"start":{"line":339,"column":25},"end":{"line":350,"column":5}},"line":339},"18":{"name":"(anonymous_18)","decl":{"start":{"line":356,"column":4},"end":{"line":356,"column":5}},"loc":{"start":{"line":356,"column":29},"end":{"line":367,"column":5}},"line":356},"19":{"name":"(anonymous_19)","decl":{"start":{"line":373,"column":4},"end":{"line":373,"column":5}},"loc":{"start":{"line":373,"column":26},"end":{"line":379,"column":5}},"line":373},"20":{"name":"(anonymous_20)","decl":{"start":{"line":385,"column":4},"end":{"line":385,"column":5}},"loc":{"start":{"line":385,"column":25},"end":{"line":409,"column":5}},"line":385},"21":{"name":"(anonymous_21)","decl":{"start":{"line":415,"column":4},"end":{"line":415,"column":5}},"loc":{"start":{"line":415,"column":22},"end":{"line":432,"column":5}},"line":415},"22":{"name":"(anonymous_22)","decl":{"start":{"line":438,"column":4},"end":{"line":438,"column":5}},"loc":{"start":{"line":438,"column":23},"end":{"line":445,"column":5}},"line":438},"23":{"name":"(anonymous_23)","decl":{"start":{"line":451,"column":4},"end":{"line":451,"column":5}},"loc":{"start":{"line":451,"column":34},"end":{"line":454,"column":5}},"line":451},"24":{"name":"(anonymous_24)","decl":{"start":{"line":460,"column":4},"end":{"line":460,"column":5}},"loc":{"start":{"line":460,"column":28},"end":{"line":471,"column":5}},"line":460},"25":{"name":"(anonymous_25)","decl":{"start":{"line":477,"column":4},"end":{"line":477,"column":5}},"loc":{"start":{"line":477,"column":24},"end":{"line":484,"column":5}},"line":477},"26":{"name":"(anonymous_26)","decl":{"start":{"line":490,"column":4},"end":{"line":490,"column":5}},"loc":{"start":{"line":490,"column":19},"end":{"line":493,"column":5}},"line":490},"27":{"name":"(anonymous_27)","decl":{"start":{"line":499,"column":4},"end":{"line":499,"column":5}},"loc":{"start":{"line":499,"column":26},"end":{"line":502,"column":5}},"line":499},"28":{"name":"(anonymous_28)","decl":{"start":{"line":508,"column":4},"end":{"line":508,"column":5}},"loc":{"start":{"line":508,"column":25},"end":{"line":522,"column":5}},"line":508},"29":{"name":"(anonymous_29)","decl":{"start":{"line":509,"column":56},"end":{"line":509,"column":57}},"loc":{"start":{"line":509,"column":64},"end":{"line":509,"column":82}},"line":509},"30":{"name":"(anonymous_30)","decl":{"start":{"line":530,"column":4},"end":{"line":530,"column":5}},"loc":{"start":{"line":530,"column":37},"end":{"line":536,"column":5}},"line":530},"31":{"name":"(anonymous_31)","decl":{"start":{"line":542,"column":4},"end":{"line":542,"column":5}},"loc":{"start":{"line":542,"column":26},"end":{"line":553,"column":5}},"line":542},"32":{"name":"(anonymous_32)","decl":{"start":{"line":559,"column":4},"end":{"line":559,"column":5}},"loc":{"start":{"line":559,"column":30},"end":{"line":567,"column":5}},"line":559},"33":{"name":"(anonymous_33)","decl":{"start":{"line":572,"column":4},"end":{"line":572,"column":5}},"loc":{"start":{"line":572,"column":14},"end":{"line":575,"column":5}},"line":572},"34":{"name":"(anonymous_34)","decl":{"start":{"line":581,"column":4},"end":{"line":581,"column":5}},"loc":{"start":{"line":581,"column":25},"end":{"line":586,"column":5}},"line":581},"35":{"name":"(anonymous_35)","decl":{"start":{"line":591,"column":4},"end":{"line":591,"column":5}},"loc":{"start":{"line":591,"column":14},"end":{"line":605,"column":5}},"line":591},"36":{"name":"(anonymous_36)","decl":{"start":{"line":611,"column":4},"end":{"line":611,"column":5}},"loc":{"start":{"line":611,"column":26},"end":{"line":614,"column":5}},"line":611}},"branchMap":{"0":{"loc":{"start":{"line":14,"column":27},"end":{"line":14,"column":39}},"type":"default-arg","locations":[{"start":{"line":14,"column":37},"end":{"line":14,"column":39}}],"line":14},"1":{"loc":{"start":{"line":17,"column":24},"end":{"line":17,"column":48}},"type":"binary-expr","locations":[{"start":{"line":17,"column":24},"end":{"line":17,"column":42}},{"start":{"line":17,"column":46},"end":{"line":17,"column":48}}],"line":17},"2":{"loc":{"start":{"line":18,"column":22},"end":{"line":18,"column":43}},"type":"binary-expr","locations":[{"start":{"line":18,"column":22},"end":{"line":18,"column":38}},{"start":{"line":18,"column":42},"end":{"line":18,"column":43}}],"line":18},"3":{"loc":{"start":{"line":19,"column":24},"end":{"line":19,"column":48}},"type":"binary-expr","locations":[{"start":{"line":19,"column":24},"end":{"line":19,"column":42}},{"start":{"line":19,"column":46},"end":{"line":19,"column":48}}],"line":19},"4":{"loc":{"start":{"line":132,"column":30},"end":{"line":132,"column":41}},"type":"binary-expr","locations":[{"start":{"line":132,"column":30},"end":{"line":132,"column":35}},{"start":{"line":132,"column":39},"end":{"line":132,"column":41}}],"line":132},"5":{"loc":{"start":{"line":209,"column":12},"end":{"line":212,"column":13}},"type":"if","locations":[{"start":{"line":209,"column":12},"end":{"line":212,"column":13}},{"start":{},"end":{}}],"line":209},"6":{"loc":{"start":{"line":227,"column":12},"end":{"line":231,"column":13}},"type":"if","locations":[{"start":{"line":227,"column":12},"end":{"line":231,"column":13}},{"start":{},"end":{}}],"line":227},"7":{"loc":{"start":{"line":242,"column":8},"end":{"line":244,"column":9}},"type":"if","locations":[{"start":{"line":242,"column":8},"end":{"line":244,"column":9}},{"start":{},"end":{}}],"line":242},"8":{"loc":{"start":{"line":322,"column":8},"end":{"line":327,"column":9}},"type":"if","locations":[{"start":{"line":322,"column":8},"end":{"line":327,"column":9}},{"start":{"line":325,"column":15},"end":{"line":327,"column":9}}],"line":322},"9":{"loc":{"start":{"line":322,"column":12},"end":{"line":322,"column":70}},"type":"binary-expr","locations":[{"start":{"line":322,"column":12},"end":{"line":322,"column":29}},{"start":{"line":322,"column":33},"end":{"line":322,"column":70}}],"line":322},"10":{"loc":{"start":{"line":330,"column":8},"end":{"line":332,"column":9}},"type":"if","locations":[{"start":{"line":330,"column":8},"end":{"line":332,"column":9}},{"start":{},"end":{}}],"line":330},"11":{"loc":{"start":{"line":342,"column":8},"end":{"line":342,"column":52}},"type":"if","locations":[{"start":{"line":342,"column":8},"end":{"line":342,"column":52}},{"start":{},"end":{}}],"line":342},"12":{"loc":{"start":{"line":343,"column":8},"end":{"line":343,"column":62}},"type":"if","locations":[{"start":{"line":343,"column":8},"end":{"line":343,"column":62}},{"start":{},"end":{}}],"line":343},"13":{"loc":{"start":{"line":344,"column":8},"end":{"line":344,"column":58}},"type":"if","locations":[{"start":{"line":344,"column":8},"end":{"line":344,"column":58}},{"start":{},"end":{}}],"line":344},"14":{"loc":{"start":{"line":345,"column":8},"end":{"line":345,"column":68}},"type":"if","locations":[{"start":{"line":345,"column":8},"end":{"line":345,"column":68}},{"start":{},"end":{}}],"line":345},"15":{"loc":{"start":{"line":346,"column":8},"end":{"line":346,"column":52}},"type":"if","locations":[{"start":{"line":346,"column":8},"end":{"line":346,"column":52}},{"start":{},"end":{}}],"line":346},"16":{"loc":{"start":{"line":347,"column":8},"end":{"line":347,"column":75}},"type":"if","locations":[{"start":{"line":347,"column":8},"end":{"line":347,"column":75}},{"start":{},"end":{}}],"line":347},"17":{"loc":{"start":{"line":359,"column":8},"end":{"line":364,"column":9}},"type":"if","locations":[{"start":{"line":359,"column":8},"end":{"line":364,"column":9}},{"start":{"line":362,"column":15},"end":{"line":364,"column":9}}],"line":359},"18":{"loc":{"start":{"line":361,"column":12},"end":{"line":361,"column":56}},"type":"if","locations":[{"start":{"line":361,"column":12},"end":{"line":361,"column":56}},{"start":{},"end":{}}],"line":361},"19":{"loc":{"start":{"line":374,"column":8},"end":{"line":376,"column":9}},"type":"if","locations":[{"start":{"line":374,"column":8},"end":{"line":376,"column":9}},{"start":{},"end":{}}],"line":374},"20":{"loc":{"start":{"line":378,"column":15},"end":{"line":378,"column":40}},"type":"cond-expr","locations":[{"start":{"line":378,"column":31},"end":{"line":378,"column":34}},{"start":{"line":378,"column":37},"end":{"line":378,"column":40}}],"line":378},"21":{"loc":{"start":{"line":388,"column":8},"end":{"line":406,"column":9}},"type":"switch","locations":[{"start":{"line":389,"column":12},"end":{"line":391,"column":22}},{"start":{"line":392,"column":12},"end":{"line":394,"column":22}},{"start":{"line":395,"column":12},"end":{"line":397,"column":22}},{"start":{"line":398,"column":12},"end":{"line":400,"column":22}},{"start":{"line":401,"column":12},"end":{"line":403,"column":22}},{"start":{"line":404,"column":12},"end":{"line":405,"column":45}}],"line":388},"22":{"loc":{"start":{"line":416,"column":8},"end":{"line":431,"column":9}},"type":"switch","locations":[{"start":{"line":417,"column":12},"end":{"line":418,"column":28}},{"start":{"line":419,"column":12},"end":{"line":420,"column":29}},{"start":{"line":421,"column":12},"end":{"line":422,"column":28}},{"start":{"line":423,"column":12},"end":{"line":424,"column":28}},{"start":{"line":425,"column":12},"end":{"line":426,"column":28}},{"start":{"line":427,"column":12},"end":{"line":428,"column":28}},{"start":{"line":429,"column":12},"end":{"line":430,"column":28}}],"line":416},"23":{"loc":{"start":{"line":439,"column":8},"end":{"line":439,"column":42}},"type":"if","locations":[{"start":{"line":439,"column":8},"end":{"line":439,"column":42}},{"start":{},"end":{}}],"line":439},"24":{"loc":{"start":{"line":440,"column":8},"end":{"line":440,"column":52}},"type":"if","locations":[{"start":{"line":440,"column":8},"end":{"line":440,"column":52}},{"start":{},"end":{}}],"line":440},"25":{"loc":{"start":{"line":441,"column":8},"end":{"line":443,"column":9}},"type":"if","locations":[{"start":{"line":441,"column":8},"end":{"line":443,"column":9}},{"start":{},"end":{}}],"line":441},"26":{"loc":{"start":{"line":442,"column":19},"end":{"line":442,"column":77}},"type":"cond-expr","locations":[{"start":{"line":442,"column":39},"end":{"line":442,"column":69}},{"start":{"line":442,"column":72},"end":{"line":442,"column":77}}],"line":442},"27":{"loc":{"start":{"line":461,"column":8},"end":{"line":463,"column":9}},"type":"if","locations":[{"start":{"line":461,"column":8},"end":{"line":463,"column":9}},{"start":{},"end":{}}],"line":461},"28":{"loc":{"start":{"line":480,"column":8},"end":{"line":483,"column":9}},"type":"if","locations":[{"start":{"line":480,"column":8},"end":{"line":483,"column":9}},{"start":{},"end":{}}],"line":480},"29":{"loc":{"start":{"line":510,"column":8},"end":{"line":510,"column":37}},"type":"if","locations":[{"start":{"line":510,"column":8},"end":{"line":510,"column":37}},{"start":{},"end":{}}],"line":510},"30":{"loc":{"start":{"line":514,"column":8},"end":{"line":521,"column":9}},"type":"if","locations":[{"start":{"line":514,"column":8},"end":{"line":521,"column":9}},{"start":{"line":519,"column":15},"end":{"line":521,"column":9}}],"line":514},"31":{"loc":{"start":{"line":535,"column":15},"end":{"line":535,"column":53}},"type":"binary-expr","locations":[{"start":{"line":535,"column":15},"end":{"line":535,"column":45}},{"start":{"line":535,"column":49},"end":{"line":535,"column":53}}],"line":535},"32":{"loc":{"start":{"line":562,"column":8},"end":{"line":564,"column":9}},"type":"if","locations":[{"start":{"line":562,"column":8},"end":{"line":564,"column":9}},{"start":{},"end":{}}],"line":562},"33":{"loc":{"start":{"line":618,"column":0},"end":{"line":622,"column":1}},"type":"if","locations":[{"start":{"line":618,"column":0},"end":{"line":622,"column":1}},{"start":{"line":620,"column":7},"end":{"line":622,"column":1}}],"line":618},"34":{"loc":{"start":{"line":618,"column":4},"end":{"line":618,"column":51}},"type":"binary-expr","locations":[{"start":{"line":618,"column":4},"end":{"line":618,"column":33}},{"start":{"line":618,"column":37},"end":{"line":618,"column":51}}],"line":618},"35":{"loc":{"start":{"line":620,"column":7},"end":{"line":622,"column":1}},"type":"if","locations":[{"start":{"line":620,"column":7},"end":{"line":622,"column":1}},{"start":{},"end":{}}],"line":620}},"s":{"0":0,"1":0,"2":0,"3":0,"4":0,"5":0,"6":0,"7":0,"8":0,"9":0,"10":0,"11":0,"12":0,"13":0,"14":0,"15":0,"16":0,"17":0,"18":0,"19":0,"20":0,"21":0,"22":0,"23":0,"24":0,"25":0,"26":0,"27":0,"28":0,"29":0,"30":0,"31":0,"32":0,"33":0,"34":0,"35":0,"36":0,"37":0,"38":0,"39":0,"40":0,"41":0,"42":0,"43":0,"44":0,"45":0,"46":0,"47":0,"48":0,"49":0,"50":0,"51":0,"52":0,"53":0,"54":0,"55":0,"56":0,"57":0,"58":0,"59":0,"60":0,"61":0,"62":0,"63":0,"64":0,"65":0,"66":0,"67":0,"68":0,"69":0,"70":0,"71":0,"72":0,"73":0,"74":0,"75":0,"76":0,"77":0,"78":0,"79":0,"80":0,"81":0,"82":0,"83":0,"84":0,"85":0,"86":0,"87":0,"88":0,"89":0,"90":0,"91":0,"92":0,"93":0,"94":0,"95":0,"96":0,"97":0,"98":0,"99":0,"100":0,"101":0,"102":0,"103":0,"104":0,"105":0,"106":0,"107":0,"108":0,"109":0,"110":0,"111":0,"112":0,"113":0,"114":0,"115":0,"116":0,"117":0,"118":0,"119":0,"120":0,"121":0,"122":0,"123":0,"124":0,"125":0,"126":0,"127":0,"128":0,"129":0,"130":0,"131":0,"132":0,"133":0,"134":0,"135":0,"136":0,"137":0,"138":0,"139":0,"140":0,"141":0,"142":0,"143":0,"144":0,"145":0,"146":0,"147":0,"148":0,"149":0,"150":0,"151":0,"152":0,"153":0,"154":0,"155":0,"156":0,"157":0,"158":0,"159":0,"160":0,"161":0,"162":0,"163":0,"164":0,"165":0,"166":0,"167":0,"168":0,"169":0,"170":0,"171":0,"172":0,"173":0,"174":0,"175":0,"176":0,"177":0,"178":0,"179":0,"180":0,"181":0,"182":0,"183":0,"184":0,"185":0,"186":0,"187":0,"188":0,"189":0,"190":0,"191":0,"192":0,"193":0,"194":0,"195":0,"196":0,"197":0,"198":0,"199":0,"200":0,"201":0,"202":0,"203":0,"204":0,"205":0,"206":0,"207":0,"208":0,"209":0,"210":0,"211":0,"212":0,"213":0,"214":0,"215":0,"216":0,"217":0,"218":0,"219":0,"220":0,"221":0,"222":0,"223":0},"f":{"0":0,"1":0,"2":0,"3":0,"4":0,"5":0,"6":0,"7":0,"8":0,"9":0,"10":0,"11":0,"12":0,"13":0,"14":0,"15":0,"16":0,"17":0,"18":0,"19":0,"20":0,"21":0,"22":0,"23":0,"24":0,"25":0,"26":0,"27":0,"28":0,"29":0,"30":0,"31":0,"32":0,"33":0,"34":0,"35":0,"36":0},"b":{"0":[0],"1":[0,0],"2":[0,0],"3":[0,0],"4":[0,0],"5":[0,0],"6":[0,0],"7":[0,0],"8":[0,0],"9":[0,0],"10":[0,0],"11":[0,0],"12":[0,0],"13":[0,0],"14":[0,0],"15":[0,0],"16":[0,0],"17":[0,0],"18":[0,0],"19":[0,0],"20":[0,0],"21":[0,0,0,0,0,0],"22":[0,0,0,0,0,0,0],"23":[0,0],"24":[0,0],"25":[0,0],"26":[0,0],"27":[0,0],"28":[0,0],"29":[0,0],"30":[0,0],"31":[0,0],"32":[0,0],"33":[0,0],"34":[0,0],"35":[0,0]}}
}
