TN:
SF:src/DocumentParser.js
FN:14,(anonymous_0)
FN:25,(anonymous_1)
FN:64,(anonymous_2)
FN:101,(anonymous_3)
FN:142,(anonymous_4)
FN:157,(anonymous_5)
FN:168,(anonymous_6)
FN:209,(anonymous_7)
FN:238,(anonymous_8)
FN:264,(anonymous_9)
FN:276,(anonymous_10)
FN:286,(anonymous_11)
FN:302,(anonymous_12)
FN:363,(anonymous_13)
FN:380,(anonymous_14)
FN:398,(anonymous_15)
FN:421,(anonymous_16)
FN:431,(anonymous_17)
FN:441,(anonymous_18)
FNF:19
FNH:19
FNDA:47,(anonymous_0)
FNDA:7,(anonymous_1)
FNDA:17,(anonymous_2)
FNDA:32,(anonymous_3)
FNDA:30,(anonymous_4)
FNDA:13,(anonymous_5)
FNDA:7,(anonymous_6)
FNDA:13,(anonymous_7)
FNDA:5,(anonymous_8)
FNDA:12,(anonymous_9)
FNDA:441,(anonymous_10)
FNDA:106,(anonymous_11)
FNDA:10,(anonymous_12)
FNDA:6,(anonymous_13)
FNDA:11,(anonymous_14)
FNDA:223,(anonymous_15)
FNDA:3,(anonymous_16)
FNDA:3,(anonymous_17)
FNDA:2,(anonymous_18)
DA:15,47
DA:16,47
DA:17,47
DA:26,7
DA:28,7
DA:31,7
DA:33,7
DA:34,1
DA:38,6
DA:42,6
DA:53,1
DA:65,17
DA:66,6
DA:70,11
DA:71,11
DA:72,1
DA:76,10
DA:77,1
DA:81,9
DA:82,9
DA:83,9
DA:84,627
DA:85,1
DA:90,8
DA:91,8
DA:92,1
DA:102,32
DA:104,32
DA:105,2
DA:109,30
DA:110,17
DA:111,17
DA:112,17
DA:119,13
DA:120,9
DA:121,9
DA:122,9
DA:125,9
DA:126,9
DA:127,9
DA:134,4
DA:143,30
DA:158,13
DA:169,7
DA:170,7
DA:171,7
DA:174,7
DA:175,7
DA:176,2
DA:177,2
DA:178,2
DA:180,2
DA:181,2
DA:183,2
DA:187,5
DA:188,0
DA:192,5
DA:194,5
DA:197,2
DA:198,2
DA:200,0
DA:210,13
DA:212,13
DA:215,12
DA:217,12
DA:221,1
DA:222,1
DA:223,0
DA:224,0
DA:225,0
DA:227,0
DA:230,1
DA:239,5
DA:240,0
DA:243,5
DA:246,5
DA:247,5
DA:249,11
DA:250,11
DA:251,0
DA:253,0
DA:266,12
DA:267,7
DA:277,441
DA:278,223
DA:281,218
DA:283,218
DA:285,218
DA:286,106
DA:288,214
DA:289,327
DA:290,1
DA:292,327
DA:303,10
DA:304,10
DA:305,10
DA:306,10
DA:307,10
DA:309,10
DA:310,11411
DA:311,11411
DA:314,11411
DA:315,1072
DA:316,536
DA:317,536
DA:318,536
DA:319,536
DA:320,536
DA:322,1072
DA:325,10339
DA:328,7576
DA:330,233
DA:331,233
DA:332,117
DA:333,117
DA:335,233
DA:336,7343
DA:337,233
DA:339,233
DA:340,233
DA:341,116
DA:343,7110
DA:344,214
DA:345,214
DA:346,214
DA:348,6896
DA:349,214
DA:350,214
DA:355,10
DA:364,6
DA:365,0
DA:368,6
DA:369,2
DA:371,4
DA:381,11
DA:382,0
DA:385,11
DA:386,11
DA:387,9
DA:390,11
DA:399,223
DA:400,3
DA:403,220
DA:404,220
DA:406,220
DA:407,433
DA:408,212
DA:412,220
DA:422,3
DA:432,3
DA:433,3
DA:442,2
DA:443,2
DA:444,2
DA:445,2
DA:446,2
DA:449,2
DA:450,2
DA:456,1
DA:457,1
DA:458,0
DA:459,0
DA:460,0
LF:163
LH:149
BRDA:14,0,0,45
BRDA:15,1,0,47
BRDA:15,1,1,45
BRDA:16,2,0,47
BRDA:16,2,1,46
BRDA:17,3,0,47
BRDA:17,3,1,46
BRDA:33,4,0,1
BRDA:33,4,1,6
BRDA:38,5,0,2
BRDA:38,5,1,4
BRDA:53,6,0,1
BRDA:53,6,1,0
BRDA:54,7,0,1
BRDA:54,7,1,0
BRDA:55,8,0,1
BRDA:55,8,1,0
BRDA:65,9,0,6
BRDA:65,9,1,11
BRDA:65,10,0,17
BRDA:65,10,1,14
BRDA:71,11,0,1
BRDA:71,11,1,10
BRDA:76,12,0,1
BRDA:76,12,1,9
BRDA:84,13,0,1
BRDA:84,13,1,626
BRDA:91,14,0,1
BRDA:91,14,1,7
BRDA:104,15,0,2
BRDA:104,15,1,30
BRDA:109,16,0,17
BRDA:109,16,1,13
BRDA:119,17,0,9
BRDA:119,17,1,4
BRDA:126,18,0,9
BRDA:126,18,1,0
BRDA:143,19,0,30
BRDA:143,19,1,10
BRDA:143,19,2,21
BRDA:143,19,3,3
BRDA:143,19,4,18
BRDA:143,19,5,1
BRDA:143,19,6,17
BRDA:143,19,7,16
BRDA:143,19,8,15
BRDA:143,19,9,14
BRDA:158,20,0,13
BRDA:158,20,1,11
BRDA:158,20,2,10
BRDA:158,20,3,7
BRDA:175,21,0,2
BRDA:175,21,1,5
BRDA:180,22,0,0
BRDA:180,22,1,2
BRDA:181,23,0,0
BRDA:181,23,1,2
BRDA:187,24,0,0
BRDA:187,24,1,5
BRDA:197,25,0,2
BRDA:197,25,1,0
BRDA:222,26,0,0
BRDA:222,26,1,1
BRDA:239,27,0,0
BRDA:239,27,1,5
BRDA:239,28,0,5
BRDA:239,28,1,5
BRDA:249,29,0,11
BRDA:249,29,1,0
BRDA:251,30,0,0
BRDA:251,30,1,0
BRDA:251,31,0,0
BRDA:251,31,1,0
BRDA:266,32,0,7
BRDA:266,32,1,5
BRDA:266,33,0,12
BRDA:266,33,1,8
BRDA:276,34,0,8
BRDA:277,35,0,223
BRDA:277,35,1,218
BRDA:277,36,0,441
BRDA:277,36,1,440
BRDA:277,36,2,218
BRDA:285,37,0,4
BRDA:285,37,1,214
BRDA:289,38,0,1
BRDA:289,38,1,326
BRDA:311,39,0,11401
BRDA:311,39,1,10
BRDA:314,40,0,1072
BRDA:314,40,1,10339
BRDA:314,41,0,11411
BRDA:314,41,1,10339
BRDA:314,41,2,1072
BRDA:315,42,0,536
BRDA:315,42,1,536
BRDA:318,43,0,536
BRDA:318,43,1,0
BRDA:325,44,0,2763
BRDA:325,44,1,7576
BRDA:328,45,0,233
BRDA:328,45,1,7343
BRDA:328,46,0,7576
BRDA:328,46,1,233
BRDA:331,47,0,117
BRDA:331,47,1,116
BRDA:331,48,0,233
BRDA:331,48,1,117
BRDA:336,49,0,233
BRDA:336,49,1,7110
BRDA:336,50,0,7343
BRDA:336,50,1,233
BRDA:340,51,0,116
BRDA:340,51,1,117
BRDA:343,52,0,214
BRDA:343,52,1,6896
BRDA:343,53,0,7110
BRDA:343,53,1,6899
BRDA:344,54,0,214
BRDA:344,54,1,0
BRDA:348,55,0,214
BRDA:348,55,1,6682
BRDA:348,56,0,6896
BRDA:348,56,1,6685
BRDA:349,57,0,214
BRDA:349,57,1,0
BRDA:364,58,0,0
BRDA:364,58,1,6
BRDA:364,59,0,6
BRDA:364,59,1,6
BRDA:368,60,0,2
BRDA:368,60,1,4
BRDA:381,61,0,0
BRDA:381,61,1,11
BRDA:381,62,0,11
BRDA:381,62,1,11
BRDA:399,63,0,3
BRDA:399,63,1,220
BRDA:399,64,0,223
BRDA:399,64,1,221
BRDA:404,65,0,5
BRDA:404,65,1,215
BRDA:407,66,0,212
BRDA:407,66,1,221
BRDA:407,67,0,433
BRDA:407,67,1,212
BRDA:441,68,0,0
BRDA:441,69,0,0
BRDA:449,70,0,2
BRDA:449,70,1,0
BRDA:456,71,0,1
BRDA:456,71,1,0
BRDA:456,72,0,1
BRDA:456,72,1,1
BRDA:458,73,0,0
BRDA:458,73,1,0
BRF:156
BRH:130
end_of_record
TN:
SF:src/FileHandler.js
FN:18,(anonymous_0)
FN:53,(anonymous_1)
FN:75,(anonymous_2)
FN:83,(anonymous_3)
FN:94,(anonymous_4)
FN:107,(anonymous_5)
FN:118,(anonymous_6)
FN:137,(anonymous_7)
FN:148,(anonymous_8)
FN:162,(anonymous_9)
FN:176,(anonymous_10)
FN:191,(anonymous_11)
FN:208,(anonymous_12)
FN:256,(anonymous_13)
FN:274,(anonymous_14)
FN:315,(anonymous_15)
FN:316,(anonymous_16)
FN:319,(anonymous_17)
FN:339,(anonymous_18)
FN:343,(anonymous_19)
FN:360,(anonymous_20)
FN:389,(anonymous_21)
FN:419,(anonymous_22)
FN:428,(anonymous_23)
FN:435,(anonymous_24)
FN:458,(anonymous_25)
FN:473,(anonymous_26)
FN:485,(anonymous_27)
FN:502,(anonymous_28)
FN:512,(anonymous_29)
FN:522,(anonymous_30)
FN:537,(anonymous_31)
FN:551,(anonymous_32)
FN:564,(anonymous_33)
FN:571,(anonymous_34)
FN:589,(anonymous_35)
FNF:36
FNH:27
FNDA:67,(anonymous_0)
FNDA:20,(anonymous_1)
FNDA:3,(anonymous_2)
FNDA:0,(anonymous_3)
FNDA:6,(anonymous_4)
FNDA:1,(anonymous_5)
FNDA:9,(anonymous_6)
FNDA:0,(anonymous_7)
FNDA:2,(anonymous_8)
FNDA:2,(anonymous_9)
FNDA:2,(anonymous_10)
FNDA:2,(anonymous_11)
FNDA:2,(anonymous_12)
FNDA:0,(anonymous_13)
FNDA:15,(anonymous_14)
FNDA:5,(anonymous_15)
FNDA:5,(anonymous_16)
FNDA:4,(anonymous_17)
FNDA:1,(anonymous_18)
FNDA:1,(anonymous_19)
FNDA:6,(anonymous_20)
FNDA:26,(anonymous_21)
FNDA:0,(anonymous_22)
FNDA:0,(anonymous_23)
FNDA:0,(anonymous_24)
FNDA:0,(anonymous_25)
FNDA:0,(anonymous_26)
FNDA:4,(anonymous_27)
FNDA:0,(anonymous_28)
FNDA:15,(anonymous_29)
FNDA:4,(anonymous_30)
FNDA:9,(anonymous_31)
FNDA:2,(anonymous_32)
FNDA:2,(anonymous_33)
FNDA:1,(anonymous_34)
FNDA:1,(anonymous_35)
DA:19,67
DA:20,67
DA:21,67
DA:22,67
DA:25,67
DA:26,67
DA:27,67
DA:28,67
DA:29,67
DA:32,67
DA:33,67
DA:34,67
DA:35,67
DA:38,67
DA:39,67
DA:42,67
DA:43,67
DA:44,67
DA:45,67
DA:46,67
DA:54,20
DA:55,2
DA:58,18
DA:61,18
DA:62,18
DA:63,18
DA:66,18
DA:69,18
DA:70,18
DA:71,18
DA:72,18
DA:75,18
DA:76,3
DA:77,2
DA:78,2
DA:83,18
DA:84,0
DA:87,18
DA:95,6
DA:97,1
DA:98,1
DA:99,1
DA:100,1
DA:101,1
DA:102,1
DA:105,6
DA:106,6
DA:107,6
DA:108,1
DA:109,1
DA:119,9
DA:121,8
DA:122,8
DA:129,8
DA:130,8
DA:131,8
DA:138,0
DA:139,0
DA:141,0
DA:149,2
DA:150,2
DA:152,2
DA:153,1
DA:154,1
DA:163,2
DA:164,2
DA:167,2
DA:168,2
DA:169,2
DA:177,2
DA:178,2
DA:181,2
DA:182,1
DA:183,1
DA:192,2
DA:193,2
DA:195,2
DA:196,2
DA:198,2
DA:199,2
DA:200,2
DA:209,2
DA:211,2
DA:213,2
DA:216,1
DA:217,1
DA:218,0
DA:222,1
DA:224,1
DA:225,0
DA:229,1
DA:230,1
DA:240,1
DA:241,1
DA:255,1
DA:256,0
DA:257,0
DA:258,0
DA:264,1
DA:276,15
DA:277,2
DA:281,13
DA:282,3
DA:283,3
DA:287,10
DA:288,1
DA:292,9
DA:293,2
DA:297,7
DA:298,7
DA:299,1
DA:303,6
DA:304,2
DA:307,4
DA:316,5
DA:317,5
DA:319,5
DA:320,4
DA:321,4
DA:324,4
DA:325,0
DA:329,4
DA:330,1
DA:333,3
DA:335,1
DA:339,5
DA:340,1
DA:343,5
DA:344,1
DA:345,1
DA:346,1
DA:347,1
DA:352,5
DA:361,6
DA:363,6
DA:365,6
DA:366,6
DA:369,6
DA:370,6
DA:371,2
DA:372,4
DA:373,2
DA:375,2
DA:380,6
DA:381,1
DA:390,26
DA:393,25
DA:394,25
DA:397,25
DA:399,20
DA:400,20
DA:401,20
DA:403,1
DA:404,1
DA:405,1
DA:407,1
DA:408,1
DA:409,1
DA:411,1
DA:412,1
DA:413,1
DA:415,1
DA:416,1
DA:418,1
DA:419,1
DA:420,1
DA:429,0
DA:431,0
DA:432,0
DA:435,0
DA:436,0
DA:440,0
DA:443,0
DA:444,0
DA:448,0
DA:450,0
DA:459,0
DA:461,0
DA:462,0
DA:463,0
DA:465,0
DA:466,0
DA:474,0
DA:475,0
DA:477,0
DA:486,4
DA:488,4
DA:490,4
DA:491,0
DA:494,4
DA:495,2
DA:498,2
DA:502,4
DA:503,0
DA:513,15
DA:514,15
DA:523,4
DA:524,4
DA:529,4
DA:538,9
DA:540,8
DA:541,8
DA:542,8
DA:544,8
DA:552,2
DA:565,2
DA:572,1
DA:573,1
DA:575,1
DA:576,1
DA:579,1
DA:580,1
DA:583,1
DA:591,1
DA:592,1
DA:593,1
DA:594,1
DA:595,1
DA:599,1
DA:600,1
DA:604,1
DA:605,1
DA:606,1
DA:607,1
DA:608,1
DA:609,1
DA:614,1
DA:615,1
LF:228
LH:197
BRDA:18,0,0,61
BRDA:19,1,0,67
BRDA:19,1,1,66
BRDA:20,2,0,67
BRDA:20,2,1,65
BRDA:22,3,0,67
BRDA:22,3,1,65
BRDA:32,4,0,67
BRDA:32,4,1,65
BRDA:33,5,0,67
BRDA:33,5,1,66
BRDA:34,6,0,67
BRDA:34,6,1,65
BRDA:35,7,0,67
BRDA:35,7,1,66
BRDA:54,8,0,2
BRDA:54,8,1,18
BRDA:76,9,0,2
BRDA:76,9,1,1
BRDA:76,10,0,3
BRDA:76,10,1,2
BRDA:95,11,0,1
BRDA:95,11,1,5
BRDA:108,12,0,1
BRDA:108,12,1,0
BRDA:108,13,0,1
BRDA:108,13,1,1
BRDA:119,14,0,1
BRDA:119,14,1,8
BRDA:138,15,0,0
BRDA:138,15,1,0
BRDA:152,16,0,1
BRDA:152,16,1,1
BRDA:168,17,0,1
BRDA:168,17,1,1
BRDA:181,18,0,1
BRDA:181,18,1,1
BRDA:199,19,0,2
BRDA:199,19,1,0
BRDA:199,20,0,2
BRDA:199,20,1,2
BRDA:217,21,0,0
BRDA:217,21,1,1
BRDA:224,22,0,0
BRDA:224,22,1,1
BRDA:229,23,0,1
BRDA:229,23,1,0
BRDA:233,24,0,1
BRDA:233,24,1,0
BRDA:240,25,0,1
BRDA:240,25,1,0
BRDA:247,26,0,1
BRDA:247,26,1,0
BRDA:255,27,0,0
BRDA:255,27,1,1
BRDA:257,28,0,0
BRDA:257,28,1,0
BRDA:276,29,0,2
BRDA:276,29,1,13
BRDA:281,30,0,3
BRDA:281,30,1,10
BRDA:287,31,0,1
BRDA:287,31,1,9
BRDA:292,32,0,2
BRDA:292,32,1,7
BRDA:292,33,0,9
BRDA:292,33,1,8
BRDA:298,34,0,1
BRDA:298,34,1,6
BRDA:303,35,0,2
BRDA:303,35,1,4
BRDA:303,36,0,6
BRDA:303,36,1,5
BRDA:324,37,0,0
BRDA:324,37,1,4
BRDA:329,38,0,1
BRDA:329,38,1,3
BRDA:340,39,0,1
BRDA:340,39,1,0
BRDA:344,40,0,1
BRDA:344,40,1,0
BRDA:344,41,0,1
BRDA:344,41,1,1
BRDA:361,42,0,0
BRDA:361,42,1,6
BRDA:365,43,0,6
BRDA:365,43,1,0
BRDA:369,44,0,6
BRDA:369,44,1,0
BRDA:370,45,0,2
BRDA:370,45,1,4
BRDA:372,46,0,2
BRDA:372,46,1,2
BRDA:380,47,0,1
BRDA:380,47,1,5
BRDA:390,48,0,1
BRDA:390,48,1,25
BRDA:397,49,0,20
BRDA:397,49,1,1
BRDA:397,49,2,1
BRDA:397,49,3,1
BRDA:397,49,4,1
BRDA:397,49,5,1
BRDA:429,50,0,0
BRDA:429,50,1,0
BRDA:436,51,0,0
BRDA:436,51,1,0
BRDA:443,52,0,0
BRDA:443,52,1,0
BRDA:459,53,0,0
BRDA:459,53,1,0
BRDA:463,54,0,0
BRDA:463,54,1,0
BRDA:490,55,0,0
BRDA:490,55,1,4
BRDA:494,56,0,2
BRDA:494,56,1,2
BRDA:514,57,0,14
BRDA:514,57,1,1
BRDA:529,58,0,4
BRDA:529,58,1,1
BRDA:538,59,0,1
BRDA:538,59,1,8
BRDA:553,60,0,2
BRDA:553,60,1,1
BRDA:553,60,2,1
BRDA:553,60,3,1
BRDA:575,61,0,1
BRDA:575,61,1,0
BRDA:579,62,0,1
BRDA:579,62,1,0
BRDA:591,63,0,1
BRDA:591,63,1,0
BRDA:599,64,0,1
BRDA:599,64,1,0
BRDA:599,65,0,1
BRDA:599,65,1,1
BRDA:614,66,0,1
BRDA:614,66,1,0
BRDA:614,67,0,1
BRDA:614,67,1,1
BRF:141
BRH:106
end_of_record
TN:
SF:src/InteractiveTreeView.js
FN:14,(anonymous_0)
FN:73,(anonymous_1)
FN:84,(anonymous_2)
FN:127,(anonymous_3)
FN:157,(anonymous_4)
FN:202,(anonymous_5)
FN:212,(anonymous_6)
FN:217,(anonymous_7)
FN:222,(anonymous_8)
FN:227,(anonymous_9)
FN:243,(anonymous_10)
FN:259,(anonymous_11)
FN:263,(anonymous_12)
FN:274,(anonymous_13)
FN:296,(anonymous_14)
FN:298,(anonymous_15)
FN:316,(anonymous_16)
FN:330,(anonymous_17)
FN:336,(anonymous_18)
FN:340,(anonymous_19)
FN:350,(anonymous_20)
FN:385,(anonymous_21)
FN:402,(anonymous_22)
FN:424,(anonymous_23)
FN:431,(anonymous_24)
FN:442,(anonymous_25)
FN:464,(anonymous_26)
FN:482,(anonymous_27)
FN:496,(anonymous_28)
FN:514,(anonymous_29)
FN:575,(anonymous_30)
FN:595,(anonymous_31)
FN:615,(anonymous_32)
FN:616,(anonymous_33)
FN:626,(anonymous_34)
FN:627,(anonymous_35)
FN:637,(anonymous_36)
FN:647,(anonymous_37)
FN:657,(anonymous_38)
FN:674,(anonymous_39)
FN:677,(anonymous_40)
FN:695,(anonymous_41)
FN:698,(anonymous_42)
FN:716,(anonymous_43)
FN:726,(anonymous_44)
FN:735,(anonymous_45)
FN:743,(anonymous_46)
FN:748,(anonymous_47)
FN:782,(anonymous_48)
FN:798,(anonymous_49)
FN:814,(anonymous_50)
FN:836,(anonymous_51)
FN:853,(anonymous_52)
FN:863,(anonymous_53)
FN:963,(anonymous_54)
FN:971,(anonymous_55)
FNF:56
FNH:0
FNDA:0,(anonymous_0)
FNDA:0,(anonymous_1)
FNDA:0,(anonymous_2)
FNDA:0,(anonymous_3)
FNDA:0,(anonymous_4)
FNDA:0,(anonymous_5)
FNDA:0,(anonymous_6)
FNDA:0,(anonymous_7)
FNDA:0,(anonymous_8)
FNDA:0,(anonymous_9)
FNDA:0,(anonymous_10)
FNDA:0,(anonymous_11)
FNDA:0,(anonymous_12)
FNDA:0,(anonymous_13)
FNDA:0,(anonymous_14)
FNDA:0,(anonymous_15)
FNDA:0,(anonymous_16)
FNDA:0,(anonymous_17)
FNDA:0,(anonymous_18)
FNDA:0,(anonymous_19)
FNDA:0,(anonymous_20)
FNDA:0,(anonymous_21)
FNDA:0,(anonymous_22)
FNDA:0,(anonymous_23)
FNDA:0,(anonymous_24)
FNDA:0,(anonymous_25)
FNDA:0,(anonymous_26)
FNDA:0,(anonymous_27)
FNDA:0,(anonymous_28)
FNDA:0,(anonymous_29)
FNDA:0,(anonymous_30)
FNDA:0,(anonymous_31)
FNDA:0,(anonymous_32)
FNDA:0,(anonymous_33)
FNDA:0,(anonymous_34)
FNDA:0,(anonymous_35)
FNDA:0,(anonymous_36)
FNDA:0,(anonymous_37)
FNDA:0,(anonymous_38)
FNDA:0,(anonymous_39)
FNDA:0,(anonymous_40)
FNDA:0,(anonymous_41)
FNDA:0,(anonymous_42)
FNDA:0,(anonymous_43)
FNDA:0,(anonymous_44)
FNDA:0,(anonymous_45)
FNDA:0,(anonymous_46)
FNDA:0,(anonymous_47)
FNDA:0,(anonymous_48)
FNDA:0,(anonymous_49)
FNDA:0,(anonymous_50)
FNDA:0,(anonymous_51)
FNDA:0,(anonymous_52)
FNDA:0,(anonymous_53)
FNDA:0,(anonymous_54)
FNDA:0,(anonymous_55)
DA:15,0
DA:16,0
DA:42,0
DA:43,0
DA:44,0
DA:47,0
DA:48,0
DA:49,0
DA:50,0
DA:51,0
DA:52,0
DA:55,0
DA:56,0
DA:57,0
DA:58,0
DA:59,0
DA:60,0
DA:63,0
DA:64,0
DA:65,0
DA:67,0
DA:74,0
DA:75,0
DA:76,0
DA:77,0
DA:85,0
DA:86,0
DA:87,0
DA:88,0
DA:91,0
DA:92,0
DA:96,0
DA:97,0
DA:98,0
DA:103,0
DA:106,0
DA:107,0
DA:111,0
DA:128,0
DA:129,0
DA:130,0
DA:141,0
DA:142,0
DA:146,0
DA:147,0
DA:150,0
DA:158,0
DA:159,0
DA:160,0
DA:166,0
DA:167,0
DA:168,0
DA:169,0
DA:170,0
DA:171,0
DA:181,0
DA:182,0
DA:183,0
DA:184,0
DA:193,0
DA:194,0
DA:195,0
DA:203,0
DA:204,0
DA:205,0
DA:212,0
DA:213,0
DA:217,0
DA:218,0
DA:222,0
DA:223,0
DA:227,0
DA:228,0
DA:231,0
DA:232,0
DA:233,0
DA:234,0
DA:236,0
DA:244,0
DA:245,0
DA:246,0
DA:247,0
DA:248,0
DA:249,0
DA:259,0
DA:260,0
DA:263,0
DA:264,0
DA:267,0
DA:275,0
DA:276,0
DA:277,0
DA:285,0
DA:286,0
DA:287,0
DA:289,0
DA:298,0
DA:299,0
DA:303,0
DA:304,0
DA:318,0
DA:321,0
DA:324,0
DA:325,0
DA:329,0
DA:330,0
DA:331,0
DA:336,0
DA:337,0
DA:340,0
DA:341,0
DA:351,0
DA:352,0
DA:355,0
DA:357,0
DA:359,0
DA:362,0
DA:365,0
DA:366,0
DA:369,0
DA:376,0
DA:377,0
DA:386,0
DA:389,0
DA:390,0
DA:393,0
DA:394,0
DA:403,0
DA:406,0
DA:409,0
DA:412,0
DA:413,0
DA:416,0
DA:425,0
DA:426,0
DA:427,0
DA:430,0
DA:431,0
DA:432,0
DA:433,0
DA:434,0
DA:443,0
DA:444,0
DA:446,0
DA:447,0
DA:448,0
DA:451,0
DA:452,0
DA:453,0
DA:454,0
DA:456,0
DA:465,0
DA:467,0
DA:469,0
DA:470,0
DA:472,0
DA:483,0
DA:485,0
DA:498,0
DA:501,0
DA:503,0
DA:515,0
DA:517,0
DA:518,0
DA:520,0
DA:522,0
DA:523,0
DA:524,0
DA:527,0
DA:528,0
DA:529,0
DA:532,0
DA:533,0
DA:534,0
DA:535,0
DA:537,0
DA:539,0
DA:542,0
DA:543,0
DA:544,0
DA:545,0
DA:546,0
DA:547,0
DA:549,0
DA:553,0
DA:554,0
DA:557,0
DA:560,0
DA:561,0
DA:562,0
DA:565,0
DA:566,0
DA:567,0
DA:576,0
DA:577,0
DA:579,0
DA:580,0
DA:583,0
DA:585,0
DA:596,0
DA:598,0
DA:601,0
DA:602,0
DA:606,0
DA:608,0
DA:616,0
DA:617,0
DA:618,0
DA:627,0
DA:628,0
DA:629,0
DA:638,0
DA:639,0
DA:648,0
DA:649,0
DA:659,0
DA:660,0
DA:661,0
DA:665,0
DA:666,0
DA:667,0
DA:675,0
DA:677,0
DA:678,0
DA:679,0
DA:681,0
DA:682,0
DA:686,0
DA:687,0
DA:689,0
DA:696,0
DA:698,0
DA:699,0
DA:700,0
DA:702,0
DA:703,0
DA:707,0
DA:708,0
DA:710,0
DA:717,0
DA:719,0
DA:720,0
DA:727,0
DA:728,0
DA:736,0
DA:738,0
DA:739,0
DA:742,0
DA:743,0
DA:746,0
DA:747,0
DA:748,0
DA:749,0
DA:750,0
DA:751,0
DA:754,0
DA:755,0
DA:756,0
DA:757,0
DA:758,0
DA:759,0
DA:767,0
DA:770,0
DA:783,0
DA:784,0
DA:787,0
DA:788,0
DA:791,0
DA:799,0
DA:800,0
DA:803,0
DA:804,0
DA:807,0
DA:815,0
DA:817,0
DA:818,0
DA:820,0
DA:824,0
DA:837,0
DA:856,0
DA:864,0
DA:865,0
DA:867,0
DA:868,0
DA:869,0
DA:956,0
DA:964,0
DA:965,0
DA:973,0
DA:974,0
DA:976,0
DA:977,0
DA:981,0
DA:982,0
DA:985,0
DA:986,0
DA:989,0
DA:992,0
DA:993,0
DA:994,0
DA:999,0
DA:1000,0
DA:1001,0
DA:1002,0
LF:304
LH:0
BRDA:14,0,0,0
BRDA:91,1,0,0
BRDA:91,1,1,0
BRDA:91,2,0,0
BRDA:91,2,1,0
BRDA:106,3,0,0
BRDA:106,3,1,0
BRDA:141,4,0,0
BRDA:141,4,1,0
BRDA:146,5,0,0
BRDA:146,5,1,0
BRDA:303,6,0,0
BRDA:303,6,1,0
BRDA:324,7,0,0
BRDA:324,7,1,0
BRDA:329,8,0,0
BRDA:329,8,1,0
BRDA:351,9,0,0
BRDA:351,9,1,0
BRDA:351,10,0,0
BRDA:351,10,1,0
BRDA:385,11,0,0
BRDA:386,12,0,0
BRDA:386,12,1,0
BRDA:403,13,0,0
BRDA:403,13,1,0
BRDA:412,14,0,0
BRDA:412,14,1,0
BRDA:425,15,0,0
BRDA:425,15,1,0
BRDA:444,16,0,0
BRDA:444,16,1,0
BRDA:448,17,0,0
BRDA:448,17,1,0
BRDA:451,18,0,0
BRDA:451,18,1,0
BRDA:453,19,0,0
BRDA:453,19,1,0
BRDA:467,20,0,0
BRDA:467,20,1,0
BRDA:488,21,0,0
BRDA:488,21,1,0
BRDA:501,22,0,0
BRDA:501,22,1,0
BRDA:506,23,0,0
BRDA:506,23,1,0
BRDA:515,24,0,0
BRDA:515,24,1,0
BRDA:518,25,0,0
BRDA:518,25,1,0
BRDA:520,26,0,0
BRDA:520,26,1,0
BRDA:520,26,2,0
BRDA:520,26,3,0
BRDA:520,26,4,0
BRDA:520,26,5,0
BRDA:520,26,6,0
BRDA:520,26,7,0
BRDA:533,27,0,0
BRDA:533,27,1,0
BRDA:533,28,0,0
BRDA:533,28,1,0
BRDA:543,29,0,0
BRDA:543,29,1,0
BRDA:543,30,0,0
BRDA:543,30,1,0
BRDA:546,31,0,0
BRDA:546,31,1,0
BRDA:546,32,0,0
BRDA:546,32,1,0
BRDA:579,33,0,0
BRDA:579,33,1,0
BRDA:596,34,0,0
BRDA:596,34,1,0
BRDA:601,35,0,0
BRDA:601,35,1,0
BRDA:617,36,0,0
BRDA:617,36,1,0
BRDA:628,37,0,0
BRDA:628,37,1,0
BRDA:638,38,0,0
BRDA:638,38,1,0
BRDA:648,39,0,0
BRDA:648,39,1,0
BRDA:660,40,0,0
BRDA:660,40,1,0
BRDA:666,41,0,0
BRDA:666,41,1,0
BRDA:675,42,0,0
BRDA:675,42,1,0
BRDA:678,43,0,0
BRDA:678,43,1,0
BRDA:696,44,0,0
BRDA:696,44,1,0
BRDA:699,45,0,0
BRDA:699,45,1,0
BRDA:699,46,0,0
BRDA:699,46,1,0
BRDA:717,47,0,0
BRDA:717,47,1,0
BRDA:736,48,0,0
BRDA:736,48,1,0
BRDA:747,49,0,0
BRDA:747,49,1,0
BRDA:747,50,0,0
BRDA:747,50,1,0
BRDA:748,51,0,0
BRDA:748,51,1,0
BRDA:749,52,0,0
BRDA:749,52,1,0
BRDA:749,53,0,0
BRDA:749,53,1,0
BRDA:754,54,0,0
BRDA:754,54,1,0
BRDA:758,55,0,0
BRDA:758,55,1,0
BRDA:758,56,0,0
BRDA:758,56,1,0
BRDA:787,57,0,0
BRDA:787,57,1,0
BRDA:803,58,0,0
BRDA:803,58,1,0
BRDA:815,59,0,0
BRDA:815,59,1,0
BRDA:820,60,0,0
BRDA:820,60,1,0
BRDA:828,61,0,0
BRDA:828,61,1,0
BRDA:865,62,0,0
BRDA:865,62,1,0
BRDA:976,63,0,0
BRDA:976,63,1,0
BRDA:981,64,0,0
BRDA:981,64,1,0
BRDA:999,65,0,0
BRDA:999,65,1,0
BRDA:999,66,0,0
BRDA:999,66,1,0
BRDA:1001,67,0,0
BRDA:1001,67,1,0
BRF:140
BRH:0
end_of_record
TN:
SF:src/NamespaceHandler.js
FN:15,(anonymous_0)
FN:27,(anonymous_1)
FN:52,(anonymous_2)
FN:81,(anonymous_3)
FN:120,(anonymous_4)
FN:161,(anonymous_5)
FN:209,(anonymous_6)
FN:237,(anonymous_7)
FN:260,(anonymous_8)
FN:281,(anonymous_9)
FN:297,(anonymous_10)
FN:315,(anonymous_11)
FN:328,(anonymous_12)
FN:337,(anonymous_13)
FN:346,(anonymous_14)
FN:358,(anonymous_15)
FN:367,(anonymous_16)
FNF:17
FNH:0
FNDA:0,(anonymous_0)
FNDA:0,(anonymous_1)
FNDA:0,(anonymous_2)
FNDA:0,(anonymous_3)
FNDA:0,(anonymous_4)
FNDA:0,(anonymous_5)
FNDA:0,(anonymous_6)
FNDA:0,(anonymous_7)
FNDA:0,(anonymous_8)
FNDA:0,(anonymous_9)
FNDA:0,(anonymous_10)
FNDA:0,(anonymous_11)
FNDA:0,(anonymous_12)
FNDA:0,(anonymous_13)
FNDA:0,(anonymous_14)
FNDA:0,(anonymous_15)
FNDA:0,(anonymous_16)
DA:16,0
DA:17,0
DA:18,0
DA:19,0
DA:28,0
DA:29,0
DA:32,0
DA:33,0
DA:36,0
DA:39,0
DA:42,0
DA:44,0
DA:53,0
DA:54,0
DA:58,0
DA:59,0
DA:60,0
DA:64,0
DA:65,0
DA:66,0
DA:67,0
DA:68,0
DA:72,0
DA:82,0
DA:83,0
DA:87,0
DA:88,0
DA:89,0
DA:90,0
DA:96,0
DA:97,0
DA:99,0
DA:100,0
DA:101,0
DA:102,0
DA:104,0
DA:105,0
DA:112,0
DA:121,0
DA:122,0
DA:125,0
DA:127,0
DA:129,0
DA:130,0
DA:134,0
DA:135,0
DA:136,0
DA:140,0
DA:141,0
DA:142,0
DA:146,0
DA:147,0
DA:151,0
DA:153,0
DA:162,0
DA:163,0
DA:167,0
DA:168,0
DA:176,0
DA:177,0
DA:178,0
DA:179,0
DA:185,0
DA:189,0
DA:190,0
DA:191,0
DA:198,0
DA:210,0
DA:211,0
DA:214,0
DA:217,0
DA:220,0
DA:221,0
DA:222,0
DA:226,0
DA:227,0
DA:228,0
DA:238,0
DA:240,0
DA:241,0
DA:243,0
DA:244,0
DA:246,0
DA:248,0
DA:249,0
DA:250,0
DA:261,0
DA:264,0
DA:265,0
DA:266,0
DA:271,0
DA:272,0
DA:273,0
DA:282,0
DA:284,0
DA:285,0
DA:286,0
DA:290,0
DA:298,0
DA:300,0
DA:301,0
DA:302,0
DA:303,0
DA:305,0
DA:308,0
DA:316,0
DA:318,0
DA:320,0
DA:330,0
DA:339,0
DA:347,0
DA:359,0
DA:368,0
DA:369,0
DA:370,0
DA:371,0
DA:372,0
DA:374,0
DA:375,0
DA:381,0
DA:382,0
DA:383,0
DA:384,0
DA:385,0
LF:124
LH:0
BRDA:15,0,0,0
BRDA:16,1,0,0
BRDA:16,1,1,0
BRDA:28,2,0,0
BRDA:28,2,1,0
BRDA:28,3,0,0
BRDA:28,3,1,0
BRDA:53,4,0,0
BRDA:53,4,1,0
BRDA:53,5,0,0
BRDA:53,5,1,0
BRDA:59,6,0,0
BRDA:59,6,1,0
BRDA:67,7,0,0
BRDA:67,7,1,0
BRDA:82,8,0,0
BRDA:82,8,1,0
BRDA:87,9,0,0
BRDA:87,9,1,0
BRDA:87,10,0,0
BRDA:87,10,1,0
BRDA:89,11,0,0
BRDA:89,11,1,0
BRDA:89,12,0,0
BRDA:89,12,1,0
BRDA:104,13,0,0
BRDA:104,13,1,0
BRDA:108,14,0,0
BRDA:108,14,1,0
BRDA:108,14,2,0
BRDA:121,15,0,0
BRDA:121,15,1,0
BRDA:121,16,0,0
BRDA:121,16,1,0
BRDA:129,17,0,0
BRDA:129,17,1,0
BRDA:129,18,0,0
BRDA:129,18,1,0
BRDA:129,18,2,0
BRDA:129,18,3,0
BRDA:134,19,0,0
BRDA:134,19,1,0
BRDA:134,20,0,0
BRDA:134,20,1,0
BRDA:140,21,0,0
BRDA:140,21,1,0
BRDA:140,22,0,0
BRDA:140,22,1,0
BRDA:162,23,0,0
BRDA:162,23,1,0
BRDA:162,24,0,0
BRDA:162,24,1,0
BRDA:167,25,0,0
BRDA:167,25,1,0
BRDA:170,26,0,0
BRDA:170,26,1,0
BRDA:177,27,0,0
BRDA:177,27,1,0
BRDA:178,28,0,0
BRDA:178,28,1,0
BRDA:181,29,0,0
BRDA:181,29,1,0
BRDA:190,30,0,0
BRDA:190,30,1,0
BRDA:210,31,0,0
BRDA:210,31,1,0
BRDA:210,32,0,0
BRDA:210,32,1,0
BRDA:220,33,0,0
BRDA:220,33,1,0
BRDA:220,34,0,0
BRDA:220,34,1,0
BRDA:221,35,0,0
BRDA:221,35,1,0
BRDA:226,36,0,0
BRDA:226,36,1,0
BRDA:238,37,0,0
BRDA:238,37,1,0
BRDA:241,38,0,0
BRDA:241,38,1,0
BRDA:243,39,0,0
BRDA:243,39,1,0
BRDA:243,40,0,0
BRDA:243,40,1,0
BRDA:246,41,0,0
BRDA:246,41,1,0
BRDA:249,42,0,0
BRDA:249,42,1,0
BRDA:249,43,0,0
BRDA:249,43,1,0
BRDA:249,43,2,0
BRDA:265,44,0,0
BRDA:265,44,1,0
BRDA:282,45,0,0
BRDA:282,45,1,0
BRDA:285,46,0,0
BRDA:285,46,1,0
BRDA:285,47,0,0
BRDA:285,47,1,0
BRDA:285,47,2,0
BRDA:300,48,0,0
BRDA:300,48,1,0
BRDA:302,49,0,0
BRDA:302,49,1,0
BRDA:318,50,0,0
BRDA:318,50,1,0
BRDA:318,50,2,0
BRDA:318,50,3,0
BRDA:330,51,0,0
BRDA:330,51,1,0
BRDA:367,52,0,0
BRDA:367,53,0,0
BRDA:374,54,0,0
BRDA:374,54,1,0
BRDA:381,55,0,0
BRDA:381,55,1,0
BRDA:381,56,0,0
BRDA:381,56,1,0
BRDA:383,57,0,0
BRDA:383,57,1,0
BRF:120
BRH:0
end_of_record
TN:
SF:src/OutputFormatter.js
FN:16,(anonymous_0)
FN:55,(anonymous_1)
FN:107,(anonymous_2)
FN:115,(anonymous_3)
FN:133,(anonymous_4)
FN:160,(anonymous_5)
FN:174,(anonymous_6)
FN:213,(anonymous_7)
FN:223,(anonymous_8)
FN:231,(anonymous_9)
FN:253,(anonymous_10)
FN:302,(anonymous_11)
FN:317,(anonymous_12)
FN:352,(anonymous_13)
FN:366,(anonymous_14)
FNF:15
FNH:15
FNDA:65,(anonymous_0)
FNDA:35,(anonymous_1)
FNDA:41,(anonymous_2)
FNDA:147,(anonymous_3)
FNDA:37,(anonymous_4)
FNDA:3,(anonymous_5)
FNDA:7,(anonymous_6)
FNDA:12,(anonymous_7)
FNDA:1,(anonymous_8)
FNDA:2,(anonymous_9)
FNDA:6,(anonymous_10)
FNDA:189,(anonymous_11)
FNDA:30,(anonymous_12)
FNDA:30,(anonymous_13)
FNDA:4,(anonymous_14)
DA:17,65
DA:26,65
DA:27,65
DA:28,65
DA:31,65
DA:41,65
DA:56,35
DA:57,3
DA:60,32
DA:62,32
DA:65,31
DA:68,31
DA:82,31
DA:83,30
DA:87,31
DA:90,31
DA:91,29
DA:94,31
DA:97,1
DA:108,41
DA:109,5
DA:113,36
DA:114,36
DA:115,147
DA:119,36
DA:120,36
DA:121,35
DA:123,1
DA:134,37
DA:135,23
DA:138,14
DA:141,14
DA:142,41
DA:144,37
DA:147,37
DA:153,14
DA:163,3
DA:164,1
DA:175,7
DA:176,1
DA:179,6
DA:180,6
DA:181,1
DA:184,5
DA:186,5
DA:188,2
DA:189,2
DA:191,1
DA:192,1
DA:194,1
DA:195,1
DA:197,1
DA:200,4
DA:201,4
DA:202,3
DA:204,1
DA:205,1
DA:214,12
DA:215,9
DA:224,1
DA:232,2
DA:233,1
DA:236,1
DA:254,6
DA:255,1
DA:258,5
DA:259,5
DA:261,5
DA:262,5
DA:263,5
DA:265,5
DA:267,3
DA:268,3
DA:269,3
DA:270,3
DA:272,1
DA:273,1
DA:274,1
DA:275,1
DA:277,1
DA:281,4
DA:282,3
DA:283,3
DA:284,3
DA:285,3
DA:286,3
DA:287,3
DA:288,3
DA:289,3
DA:290,3
DA:292,1
DA:303,189
DA:305,186
DA:306,186
DA:307,1116
DA:310,186
DA:318,30
DA:321,30
DA:322,1
DA:326,30
DA:327,1
DA:331,30
DA:332,1
DA:335,30
DA:336,0
DA:340,30
DA:341,30
DA:343,30
DA:344,3
DA:353,30
DA:354,6
DA:355,6
DA:357,1
DA:367,4
DA:386,1
DA:387,1
LF:116
LH:115
BRDA:16,0,0,60
BRDA:18,1,0,65
BRDA:18,1,1,64
BRDA:28,2,0,65
BRDA:28,2,1,65
BRDA:28,2,2,0
BRDA:55,3,0,25
BRDA:55,4,0,35
BRDA:56,5,0,3
BRDA:56,5,1,32
BRDA:82,6,0,30
BRDA:82,6,1,1
BRDA:90,7,0,29
BRDA:90,7,1,2
BRDA:107,8,0,9
BRDA:108,9,0,5
BRDA:108,9,1,36
BRDA:108,10,0,41
BRDA:108,10,1,40
BRDA:114,11,0,35
BRDA:114,11,1,1
BRDA:119,12,0,36
BRDA:119,12,1,35
BRDA:120,13,0,35
BRDA:120,13,1,1
BRDA:133,14,0,6
BRDA:134,15,0,23
BRDA:134,15,1,14
BRDA:134,16,0,37
BRDA:134,16,1,36
BRDA:142,17,0,37
BRDA:142,17,1,4
BRDA:142,18,0,41
BRDA:142,18,1,39
BRDA:144,19,0,37
BRDA:144,19,1,0
BRDA:163,20,0,1
BRDA:163,20,1,2
BRDA:163,21,0,3
BRDA:163,21,1,2
BRDA:174,22,0,7
BRDA:175,23,0,1
BRDA:175,23,1,6
BRDA:179,24,0,6
BRDA:179,24,1,6
BRDA:180,25,0,1
BRDA:180,25,1,5
BRDA:186,26,0,2
BRDA:186,26,1,1
BRDA:186,26,2,1
BRDA:186,26,3,1
BRDA:214,27,0,9
BRDA:214,27,1,3
BRDA:232,28,0,1
BRDA:232,28,1,1
BRDA:253,29,0,0
BRDA:253,30,0,4
BRDA:254,31,0,1
BRDA:254,31,1,5
BRDA:265,32,0,3
BRDA:265,32,1,1
BRDA:265,32,2,1
BRDA:281,33,0,3
BRDA:281,33,1,1
BRDA:281,34,0,4
BRDA:281,34,1,3
BRDA:281,34,2,3
BRDA:286,35,0,3
BRDA:286,35,1,1
BRDA:303,36,0,3
BRDA:303,36,1,186
BRDA:321,37,0,1
BRDA:321,37,1,29
BRDA:326,38,0,1
BRDA:326,38,1,29
BRDA:331,39,0,1
BRDA:331,39,1,29
BRDA:335,40,0,0
BRDA:335,40,1,30
BRDA:343,41,0,3
BRDA:343,41,1,27
BRDA:371,42,0,4
BRDA:371,42,1,0
BRDA:374,43,0,4
BRDA:374,43,1,3
BRDA:381,44,0,0
BRDA:381,44,1,4
BRDA:386,45,0,1
BRDA:386,45,1,0
BRDA:386,46,0,1
BRDA:386,46,1,1
BRF:91
BRH:84
end_of_record
TN:
SF:src/PathExtractor.js
FN:18,(anonymous_0)
FN:32,(anonymous_1)
FN:57,(anonymous_2)
FN:81,(anonymous_3)
FN:108,(anonymous_4)
FN:122,(anonymous_5)
FN:133,(anonymous_6)
FN:167,(anonymous_7)
FN:186,(anonymous_8)
FN:192,(anonymous_9)
FN:207,(anonymous_10)
FN:274,(anonymous_11)
FN:297,(anonymous_12)
FN:315,(anonymous_13)
FN:329,(anonymous_14)
FN:339,(anonymous_15)
FN:345,(anonymous_16)
FN:355,(anonymous_17)
FN:379,(anonymous_18)
FN:393,(anonymous_19)
FN:403,(anonymous_20)
FNF:21
FNH:0
FNDA:0,(anonymous_0)
FNDA:0,(anonymous_1)
FNDA:0,(anonymous_2)
FNDA:0,(anonymous_3)
FNDA:0,(anonymous_4)
FNDA:0,(anonymous_5)
FNDA:0,(anonymous_6)
FNDA:0,(anonymous_7)
FNDA:0,(anonymous_8)
FNDA:0,(anonymous_9)
FNDA:0,(anonymous_10)
FNDA:0,(anonymous_11)
FNDA:0,(anonymous_12)
FNDA:0,(anonymous_13)
FNDA:0,(anonymous_14)
FNDA:0,(anonymous_15)
FNDA:0,(anonymous_16)
FNDA:0,(anonymous_17)
FNDA:0,(anonymous_18)
FNDA:0,(anonymous_19)
FNDA:0,(anonymous_20)
DA:15,0
DA:19,0
DA:20,0
DA:21,0
DA:24,0
DA:33,0
DA:34,0
DA:37,0
DA:39,0
DA:42,0
DA:44,0
DA:45,0
DA:46,0
DA:49,0
DA:58,0
DA:59,0
DA:62,0
DA:65,0
DA:67,0
DA:68,0
DA:69,0
DA:72,0
DA:82,0
DA:83,0
DA:86,0
DA:87,0
DA:89,0
DA:90,0
DA:91,0
DA:92,0
DA:93,0
DA:95,0
DA:96,0
DA:99,0
DA:109,0
DA:110,0
DA:113,0
DA:123,0
DA:124,0
DA:134,0
DA:136,0
DA:138,0
DA:139,0
DA:141,0
DA:142,0
DA:143,0
DA:145,0
DA:147,0
DA:148,0
DA:149,0
DA:155,0
DA:156,0
DA:157,0
DA:168,0
DA:169,0
DA:173,0
DA:174,0
DA:178,0
DA:187,0
DA:188,0
DA:191,0
DA:192,0
DA:193,0
DA:197,0
DA:198,0
DA:208,0
DA:209,0
DA:212,0
DA:213,0
DA:216,0
DA:225,0
DA:226,0
DA:228,0
DA:229,0
DA:232,0
DA:233,0
DA:245,0
DA:247,0
DA:248,0
DA:249,0
DA:261,0
DA:262,0
DA:263,0
DA:275,0
DA:276,0
DA:282,0
DA:285,0
DA:288,0
DA:296,0
DA:297,0
DA:298,0
DA:299,0
DA:301,0
DA:302,0
DA:303,0
DA:304,0
DA:317,0
DA:318,0
DA:320,0
DA:331,0
DA:340,0
DA:341,0
DA:345,0
DA:346,0
DA:356,0
DA:357,0
DA:360,0
DA:368,0
DA:370,0
DA:371,0
DA:380,0
DA:394,0
DA:395,0
DA:404,0
DA:405,0
DA:406,0
DA:407,0
DA:408,0
DA:410,0
DA:411,0
DA:417,0
DA:418,0
DA:419,0
DA:420,0
DA:421,0
LF:125
LH:0
BRDA:18,0,0,0
BRDA:20,1,0,0
BRDA:20,1,1,0
BRDA:21,2,0,0
BRDA:21,2,1,0
BRDA:24,3,0,0
BRDA:24,3,1,0
BRDA:33,4,0,0
BRDA:33,4,1,0
BRDA:33,5,0,0
BRDA:33,5,1,0
BRDA:44,6,0,0
BRDA:44,6,1,0
BRDA:58,7,0,0
BRDA:58,7,1,0
BRDA:58,8,0,0
BRDA:58,8,1,0
BRDA:67,9,0,0
BRDA:67,9,1,0
BRDA:82,10,0,0
BRDA:82,10,1,0
BRDA:82,11,0,0
BRDA:82,11,1,0
BRDA:89,12,0,0
BRDA:89,12,1,0
BRDA:92,13,0,0
BRDA:92,13,1,0
BRDA:93,14,0,0
BRDA:93,14,1,0
BRDA:99,15,0,0
BRDA:99,15,1,0
BRDA:109,16,0,0
BRDA:109,16,1,0
BRDA:109,17,0,0
BRDA:109,17,1,0
BRDA:136,18,0,0
BRDA:136,18,1,0
BRDA:139,19,0,0
BRDA:139,19,1,0
BRDA:141,20,0,0
BRDA:141,20,1,0
BRDA:141,21,0,0
BRDA:141,21,1,0
BRDA:145,22,0,0
BRDA:145,22,1,0
BRDA:148,23,0,0
BRDA:148,23,1,0
BRDA:148,24,0,0
BRDA:148,24,1,0
BRDA:148,24,2,0
BRDA:155,25,0,0
BRDA:155,25,1,0
BRDA:155,26,0,0
BRDA:155,26,1,0
BRDA:156,27,0,0
BRDA:156,27,1,0
BRDA:168,28,0,0
BRDA:168,28,1,0
BRDA:173,29,0,0
BRDA:173,29,1,0
BRDA:178,30,0,0
BRDA:178,30,1,0
BRDA:187,31,0,0
BRDA:187,31,1,0
BRDA:191,32,0,0
BRDA:191,32,1,0
BRDA:193,33,0,0
BRDA:193,33,1,0
BRDA:194,34,0,0
BRDA:194,34,1,0
BRDA:194,35,0,0
BRDA:194,35,1,0
BRDA:198,36,0,0
BRDA:198,36,1,0
BRDA:208,37,0,0
BRDA:208,37,1,0
BRDA:208,38,0,0
BRDA:208,38,1,0
BRDA:213,39,0,0
BRDA:213,39,1,0
BRDA:221,40,0,0
BRDA:221,40,1,0
BRDA:225,41,0,0
BRDA:225,41,1,0
BRDA:225,42,0,0
BRDA:225,42,1,0
BRDA:228,43,0,0
BRDA:228,43,1,0
BRDA:239,44,0,0
BRDA:239,44,1,0
BRDA:245,45,0,0
BRDA:245,45,1,0
BRDA:245,46,0,0
BRDA:245,46,1,0
BRDA:245,46,2,0
BRDA:247,47,0,0
BRDA:247,47,1,0
BRDA:248,48,0,0
BRDA:248,48,1,0
BRDA:261,49,0,0
BRDA:261,49,1,0
BRDA:275,50,0,0
BRDA:275,50,1,0
BRDA:275,51,0,0
BRDA:275,51,1,0
BRDA:285,52,0,0
BRDA:285,52,1,0
BRDA:296,53,0,0
BRDA:296,53,1,0
BRDA:301,54,0,0
BRDA:301,54,1,0
BRDA:317,55,0,0
BRDA:317,55,1,0
BRDA:340,56,0,0
BRDA:340,56,1,0
BRDA:345,57,0,0
BRDA:345,57,1,0
BRDA:346,58,0,0
BRDA:346,58,1,0
BRDA:357,59,0,0
BRDA:357,59,1,0
BRDA:357,60,0,0
BRDA:357,60,1,0
BRDA:403,61,0,0
BRDA:403,62,0,0
BRDA:410,63,0,0
BRDA:410,63,1,0
BRDA:417,64,0,0
BRDA:417,64,1,0
BRDA:417,65,0,0
BRDA:417,65,1,0
BRDA:419,66,0,0
BRDA:419,66,1,0
BRF:133
BRH:0
end_of_record
TN:
SF:src/SelectionStateManager.js
FN:14,(anonymous_0)
FN:39,(anonymous_1)
FN:94,(anonymous_2)
FN:105,(anonymous_3)
FN:110,(anonymous_4)
FN:111,(anonymous_5)
FN:141,(anonymous_6)
FN:163,(anonymous_7)
FN:182,(anonymous_8)
FN:199,(anonymous_9)
FN:200,(anonymous_10)
FN:208,(anonymous_11)
FN:217,(anonymous_12)
FN:225,(anonymous_13)
FN:237,(anonymous_14)
FN:249,(anonymous_15)
FN:271,(anonymous_16)
FN:311,(anonymous_17)
FN:325,(anonymous_18)
FN:376,(anonymous_19)
FN:382,(anonymous_20)
FN:400,(anonymous_21)
FN:420,(anonymous_22)
FN:432,(anonymous_23)
FN:442,(anonymous_24)
FN:449,(anonymous_25)
FN:461,(anonymous_26)
FN:473,(anonymous_27)
FN:487,(anonymous_28)
FN:499,(anonymous_29)
FN:513,(anonymous_30)
FN:529,(anonymous_31)
FN:540,(anonymous_32)
FN:549,(anonymous_33)
FN:557,(anonymous_34)
FN:565,(anonymous_35)
FN:572,(anonymous_36)
FNF:37
FNH:0
FNDA:0,(anonymous_0)
FNDA:0,(anonymous_1)
FNDA:0,(anonymous_2)
FNDA:0,(anonymous_3)
FNDA:0,(anonymous_4)
FNDA:0,(anonymous_5)
FNDA:0,(anonymous_6)
FNDA:0,(anonymous_7)
FNDA:0,(anonymous_8)
FNDA:0,(anonymous_9)
FNDA:0,(anonymous_10)
FNDA:0,(anonymous_11)
FNDA:0,(anonymous_12)
FNDA:0,(anonymous_13)
FNDA:0,(anonymous_14)
FNDA:0,(anonymous_15)
FNDA:0,(anonymous_16)
FNDA:0,(anonymous_17)
FNDA:0,(anonymous_18)
FNDA:0,(anonymous_19)
FNDA:0,(anonymous_20)
FNDA:0,(anonymous_21)
FNDA:0,(anonymous_22)
FNDA:0,(anonymous_23)
FNDA:0,(anonymous_24)
FNDA:0,(anonymous_25)
FNDA:0,(anonymous_26)
FNDA:0,(anonymous_27)
FNDA:0,(anonymous_28)
FNDA:0,(anonymous_29)
FNDA:0,(anonymous_30)
FNDA:0,(anonymous_31)
FNDA:0,(anonymous_32)
FNDA:0,(anonymous_33)
FNDA:0,(anonymous_34)
FNDA:0,(anonymous_35)
FNDA:0,(anonymous_36)
DA:15,0
DA:23,0
DA:24,0
DA:25,0
DA:26,0
DA:27,0
DA:30,0
DA:40,0
DA:42,0
DA:52,0
DA:53,0
DA:54,0
DA:57,0
DA:60,0
DA:63,0
DA:64,0
DA:68,0
DA:69,0
DA:73,0
DA:76,0
DA:77,0
DA:81,0
DA:95,0
DA:96,0
DA:106,0
DA:109,0
DA:110,0
DA:111,0
DA:113,0
DA:116,0
DA:117,0
DA:119,0
DA:122,0
DA:123,0
DA:124,0
DA:127,0
DA:129,0
DA:142,0
DA:144,0
DA:145,0
DA:147,0
DA:148,0
DA:149,0
DA:153,0
DA:155,0
DA:164,0
DA:166,0
DA:167,0
DA:168,0
DA:169,0
DA:173,0
DA:175,0
DA:183,0
DA:185,0
DA:186,0
DA:187,0
DA:188,0
DA:192,0
DA:200,0
DA:209,0
DA:218,0
DA:226,0
DA:238,0
DA:240,0
DA:241,0
DA:250,0
DA:252,0
DA:253,0
DA:255,0
DA:256,0
DA:257,0
DA:258,0
DA:260,0
DA:263,0
DA:272,0
DA:274,0
DA:275,0
DA:278,0
DA:279,0
DA:281,0
DA:283,0
DA:285,0
DA:289,0
DA:293,0
DA:294,0
DA:295,0
DA:296,0
DA:300,0
DA:301,0
DA:302,0
DA:304,0
DA:312,0
DA:326,0
DA:328,0
DA:331,0
DA:332,0
DA:335,0
DA:336,0
DA:338,0
DA:341,0
DA:342,0
DA:344,0
DA:348,0
DA:349,0
DA:352,0
DA:353,0
DA:364,0
DA:365,0
DA:379,0
DA:380,0
DA:382,0
DA:383,0
DA:384,0
DA:387,0
DA:388,0
DA:392,0
DA:393,0
DA:401,0
DA:402,0
DA:404,0
DA:405,0
DA:407,0
DA:408,0
DA:409,0
DA:413,0
DA:421,0
DA:422,0
DA:423,0
DA:425,0
DA:435,0
DA:443,0
DA:450,0
DA:451,0
DA:452,0
DA:454,0
DA:462,0
DA:474,0
DA:475,0
DA:476,0
DA:479,0
DA:488,0
DA:489,0
DA:491,0
DA:500,0
DA:501,0
DA:502,0
DA:503,0
DA:504,0
DA:514,0
DA:515,0
DA:516,0
DA:517,0
DA:518,0
DA:520,0
DA:530,0
DA:531,0
DA:541,0
DA:550,0
DA:558,0
DA:566,0
DA:573,0
DA:578,0
DA:579,0
DA:580,0
DA:581,0
DA:582,0
LF:166
LH:0
BRDA:14,0,0,0
BRDA:39,1,0,0
BRDA:40,2,0,0
BRDA:40,2,1,0
BRDA:45,3,0,0
BRDA:45,3,1,0
BRDA:46,4,0,0
BRDA:46,4,1,0
BRDA:47,5,0,0
BRDA:47,5,1,0
BRDA:52,6,0,0
BRDA:52,6,1,0
BRDA:52,7,0,0
BRDA:52,7,1,0
BRDA:52,7,2,0
BRDA:63,8,0,0
BRDA:63,8,1,0
BRDA:63,9,0,0
BRDA:63,9,1,0
BRDA:68,10,0,0
BRDA:68,10,1,0
BRDA:68,11,0,0
BRDA:68,11,1,0
BRDA:76,12,0,0
BRDA:76,12,1,0
BRDA:94,13,0,0
BRDA:106,14,0,0
BRDA:106,14,1,0
BRDA:106,15,0,0
BRDA:106,15,1,0
BRDA:113,16,0,0
BRDA:113,16,1,0
BRDA:113,17,0,0
BRDA:113,17,1,0
BRDA:142,18,0,0
BRDA:142,18,1,0
BRDA:148,19,0,0
BRDA:148,19,1,0
BRDA:168,20,0,0
BRDA:168,20,1,0
BRDA:187,21,0,0
BRDA:187,21,1,0
BRDA:229,22,0,0
BRDA:229,22,1,0
BRDA:252,23,0,0
BRDA:252,23,1,0
BRDA:255,24,0,0
BRDA:255,24,1,0
BRDA:257,25,0,0
BRDA:257,25,1,0
BRDA:271,26,0,0
BRDA:274,27,0,0
BRDA:274,27,1,0
BRDA:285,28,0,0
BRDA:285,28,1,0
BRDA:289,29,0,0
BRDA:289,29,1,0
BRDA:293,30,0,0
BRDA:293,30,1,0
BRDA:295,31,0,0
BRDA:295,31,1,0
BRDA:301,32,0,0
BRDA:301,32,1,0
BRDA:302,33,0,0
BRDA:302,33,1,0
BRDA:326,34,0,0
BRDA:326,34,1,0
BRDA:335,35,0,0
BRDA:335,35,1,0
BRDA:341,36,0,0
BRDA:341,36,1,0
BRDA:352,37,0,0
BRDA:352,37,1,0
BRDA:352,38,0,0
BRDA:352,38,1,0
BRDA:364,39,0,0
BRDA:364,39,1,0
BRDA:383,40,0,0
BRDA:383,40,1,0
BRDA:465,41,0,0
BRDA:465,41,1,0
BRDA:474,42,0,0
BRDA:474,42,1,0
BRDA:475,43,0,0
BRDA:475,43,1,0
BRDA:476,44,0,0
BRDA:476,44,1,0
BRDA:488,45,0,0
BRDA:488,45,1,0
BRDA:501,46,0,0
BRDA:501,46,1,0
BRDA:503,47,0,0
BRDA:503,47,1,0
BRDA:515,48,0,0
BRDA:515,48,1,0
BRDA:578,49,0,0
BRDA:578,49,1,0
BRDA:578,50,0,0
BRDA:578,50,1,0
BRDA:580,51,0,0
BRDA:580,51,1,0
BRF:101
BRH:0
end_of_record
TN:
SF:src/TreeDataTransformer.js
FN:13,(anonymous_0)
FN:25,(anonymous_1)
FN:55,(anonymous_2)
FN:58,(anonymous_3)
FN:90,(anonymous_4)
FN:113,(anonymous_5)
FN:138,(anonymous_6)
FN:141,(anonymous_7)
FN:163,(anonymous_8)
FN:204,(anonymous_9)
FN:233,(anonymous_10)
FN:245,(anonymous_11)
FN:249,(anonymous_12)
FN:252,(anonymous_13)
FN:263,(anonymous_14)
FN:290,(anonymous_15)
FN:303,(anonymous_16)
FN:319,(anonymous_17)
FN:328,(anonymous_18)
FN:333,(anonymous_19)
FN:349,(anonymous_20)
FN:358,(anonymous_21)
FN:375,(anonymous_22)
FN:382,(anonymous_23)
FN:392,(anonymous_24)
FN:406,(anonymous_25)
FN:434,(anonymous_26)
FN:451,(anonymous_27)
FN:467,(anonymous_28)
FN:470,(anonymous_29)
FN:485,(anonymous_30)
FN:502,(anonymous_31)
FN:519,(anonymous_32)
FN:542,(anonymous_33)
FN:556,(anonymous_34)
FN:580,(anonymous_35)
FNF:36
FNH:0
FNDA:0,(anonymous_0)
FNDA:0,(anonymous_1)
FNDA:0,(anonymous_2)
FNDA:0,(anonymous_3)
FNDA:0,(anonymous_4)
FNDA:0,(anonymous_5)
FNDA:0,(anonymous_6)
FNDA:0,(anonymous_7)
FNDA:0,(anonymous_8)
FNDA:0,(anonymous_9)
FNDA:0,(anonymous_10)
FNDA:0,(anonymous_11)
FNDA:0,(anonymous_12)
FNDA:0,(anonymous_13)
FNDA:0,(anonymous_14)
FNDA:0,(anonymous_15)
FNDA:0,(anonymous_16)
FNDA:0,(anonymous_17)
FNDA:0,(anonymous_18)
FNDA:0,(anonymous_19)
FNDA:0,(anonymous_20)
FNDA:0,(anonymous_21)
FNDA:0,(anonymous_22)
FNDA:0,(anonymous_23)
FNDA:0,(anonymous_24)
FNDA:0,(anonymous_25)
FNDA:0,(anonymous_26)
FNDA:0,(anonymous_27)
FNDA:0,(anonymous_28)
FNDA:0,(anonymous_29)
FNDA:0,(anonymous_30)
FNDA:0,(anonymous_31)
FNDA:0,(anonymous_32)
FNDA:0,(anonymous_33)
FNDA:0,(anonymous_34)
FNDA:0,(anonymous_35)
DA:14,0
DA:15,0
DA:16,0
DA:26,0
DA:27,0
DA:31,0
DA:34,0
DA:41,0
DA:44,0
DA:46,0
DA:56,0
DA:58,0
DA:59,0
DA:62,0
DA:63,0
DA:71,0
DA:72,0
DA:73,0
DA:74,0
DA:79,0
DA:80,0
DA:91,0
DA:103,0
DA:104,0
DA:106,0
DA:114,0
DA:116,0
DA:117,0
DA:118,0
DA:120,0
DA:121,0
DA:124,0
DA:131,0
DA:140,0
DA:142,0
DA:143,0
DA:144,0
DA:147,0
DA:148,0
DA:150,0
DA:151,0
DA:156,0
DA:164,0
DA:165,0
DA:169,0
DA:170,0
DA:174,0
DA:175,0
DA:176,0
DA:178,0
DA:179,0
DA:180,0
DA:182,0
DA:183,0
DA:186,0
DA:192,0
DA:193,0
DA:197,0
DA:205,0
DA:207,0
DA:209,0
DA:210,0
DA:218,0
DA:225,0
DA:234,0
DA:235,0
DA:237,0
DA:246,0
DA:249,0
DA:252,0
DA:254,0
DA:255,0
DA:264,0
DA:267,0
DA:268,0
DA:271,0
DA:273,0
DA:274,0
DA:276,0
DA:277,0
DA:278,0
DA:283,0
DA:291,0
DA:292,0
DA:295,0
DA:296,0
DA:304,0
DA:305,0
DA:308,0
DA:309,0
DA:311,0
DA:320,0
DA:321,0
DA:329,0
DA:331,0
DA:333,0
DA:334,0
DA:337,0
DA:338,0
DA:340,0
DA:341,0
DA:345,0
DA:346,0
DA:349,0
DA:350,0
DA:359,0
DA:361,0
DA:362,0
DA:363,0
DA:366,0
DA:367,0
DA:376,0
DA:383,0
DA:384,0
DA:385,0
DA:393,0
DA:407,0
DA:408,0
DA:409,0
DA:410,0
DA:413,0
DA:414,0
DA:417,0
DA:418,0
DA:421,0
DA:422,0
DA:423,0
DA:426,0
DA:427,0
DA:435,0
DA:436,0
DA:439,0
DA:440,0
DA:443,0
DA:444,0
DA:452,0
DA:453,0
DA:454,0
DA:455,0
DA:458,0
DA:459,0
DA:468,0
DA:470,0
DA:471,0
DA:472,0
DA:473,0
DA:477,0
DA:478,0
DA:486,0
DA:487,0
DA:489,0
DA:490,0
DA:491,0
DA:494,0
DA:503,0
DA:505,0
DA:506,0
DA:507,0
DA:509,0
DA:512,0
DA:520,0
DA:523,0
DA:525,0
DA:527,0
DA:529,0
DA:531,0
DA:533,0
DA:543,0
DA:545,0
DA:546,0
DA:547,0
DA:549,0
DA:557,0
DA:564,0
DA:565,0
DA:566,0
DA:567,0
DA:568,0
DA:569,0
DA:570,0
DA:572,0
DA:581,0
DA:582,0
DA:583,0
DA:584,0
DA:585,0
DA:587,0
DA:588,0
DA:594,0
DA:595,0
DA:596,0
DA:597,0
DA:598,0
DA:599,0
LF:194
LH:0
BRDA:13,0,0,0
BRDA:26,1,0,0
BRDA:26,1,1,0
BRDA:26,2,0,0
BRDA:26,2,1,0
BRDA:26,2,2,0
BRDA:36,3,0,0
BRDA:36,3,1,0
BRDA:55,4,0,0
BRDA:58,5,0,0
BRDA:59,6,0,0
BRDA:59,6,1,0
BRDA:62,7,0,0
BRDA:62,7,1,0
BRDA:71,8,0,0
BRDA:71,8,1,0
BRDA:71,9,0,0
BRDA:71,9,1,0
BRDA:71,9,2,0
BRDA:72,10,0,0
BRDA:72,10,1,0
BRDA:90,11,0,0
BRDA:97,12,0,0
BRDA:97,12,1,0
BRDA:120,13,0,0
BRDA:120,13,1,0
BRDA:164,14,0,0
BRDA:164,14,1,0
BRDA:164,15,0,0
BRDA:164,15,1,0
BRDA:169,16,0,0
BRDA:169,16,1,0
BRDA:176,17,0,0
BRDA:176,17,1,0
BRDA:182,18,0,0
BRDA:182,18,1,0
BRDA:207,19,0,0
BRDA:207,19,1,0
BRDA:212,20,0,0
BRDA:212,20,1,0
BRDA:219,21,0,0
BRDA:219,21,1,0
BRDA:234,22,0,0
BRDA:234,22,1,0
BRDA:246,23,0,0
BRDA:246,23,1,0
BRDA:246,24,0,0
BRDA:246,24,1,0
BRDA:255,25,0,0
BRDA:255,25,1,0
BRDA:264,26,0,0
BRDA:264,26,1,0
BRDA:264,27,0,0
BRDA:264,27,1,0
BRDA:274,28,0,0
BRDA:274,28,1,0
BRDA:274,29,0,0
BRDA:274,29,1,0
BRDA:274,29,2,0
BRDA:277,30,0,0
BRDA:277,30,1,0
BRDA:291,31,0,0
BRDA:291,31,1,0
BRDA:304,32,0,0
BRDA:304,32,1,0
BRDA:308,33,0,0
BRDA:308,33,1,0
BRDA:320,34,0,0
BRDA:320,34,1,0
BRDA:320,35,0,0
BRDA:320,35,1,0
BRDA:329,36,0,0
BRDA:329,36,1,0
BRDA:331,37,0,0
BRDA:331,37,1,0
BRDA:337,38,0,0
BRDA:337,38,1,0
BRDA:340,39,0,0
BRDA:340,39,1,0
BRDA:346,40,0,0
BRDA:346,40,1,0
BRDA:349,41,0,0
BRDA:349,41,1,0
BRDA:350,42,0,0
BRDA:350,42,1,0
BRDA:359,43,0,0
BRDA:359,43,1,0
BRDA:406,44,0,0
BRDA:435,45,0,0
BRDA:435,45,1,0
BRDA:435,46,0,0
BRDA:435,46,1,0
BRDA:453,47,0,0
BRDA:453,47,1,0
BRDA:506,48,0,0
BRDA:506,48,1,0
BRDA:520,49,0,0
BRDA:520,49,1,0
BRDA:523,50,0,0
BRDA:523,50,1,0
BRDA:523,50,2,0
BRDA:523,50,3,0
BRDA:523,50,4,0
BRDA:543,51,0,0
BRDA:543,51,1,0
BRDA:549,52,0,0
BRDA:549,52,1,0
BRDA:580,53,0,0
BRDA:580,54,0,0
BRDA:587,55,0,0
BRDA:587,55,1,0
BRDA:594,56,0,0
BRDA:594,56,1,0
BRDA:594,57,0,0
BRDA:594,57,1,0
BRDA:596,58,0,0
BRDA:596,58,1,0
BRF:117
BRH:0
end_of_record
TN:
SF:src/VirtualizedTreeView.js
FN:14,(anonymous_0)
FN:57,(anonymous_1)
FN:67,(anonymous_2)
FN:108,(anonymous_3)
FN:115,(anonymous_4)
FN:119,(anonymous_5)
FN:131,(anonymous_6)
FN:141,(anonymous_7)
FN:150,(anonymous_8)
FN:159,(anonymous_9)
FN:181,(anonymous_10)
FN:204,(anonymous_11)
FN:205,(anonymous_12)
FN:220,(anonymous_13)
FN:241,(anonymous_14)
FN:253,(anonymous_15)
FN:287,(anonymous_16)
FN:339,(anonymous_17)
FN:356,(anonymous_18)
FN:373,(anonymous_19)
FN:385,(anonymous_20)
FN:415,(anonymous_21)
FN:438,(anonymous_22)
FN:451,(anonymous_23)
FN:460,(anonymous_24)
FN:477,(anonymous_25)
FN:490,(anonymous_26)
FN:499,(anonymous_27)
FN:508,(anonymous_28)
FN:509,(anonymous_29)
FN:530,(anonymous_30)
FN:542,(anonymous_31)
FN:559,(anonymous_32)
FN:572,(anonymous_33)
FN:581,(anonymous_34)
FN:591,(anonymous_35)
FN:611,(anonymous_36)
FNF:37
FNH:0
FNDA:0,(anonymous_0)
FNDA:0,(anonymous_1)
FNDA:0,(anonymous_2)
FNDA:0,(anonymous_3)
FNDA:0,(anonymous_4)
FNDA:0,(anonymous_5)
FNDA:0,(anonymous_6)
FNDA:0,(anonymous_7)
FNDA:0,(anonymous_8)
FNDA:0,(anonymous_9)
FNDA:0,(anonymous_10)
FNDA:0,(anonymous_11)
FNDA:0,(anonymous_12)
FNDA:0,(anonymous_13)
FNDA:0,(anonymous_14)
FNDA:0,(anonymous_15)
FNDA:0,(anonymous_16)
FNDA:0,(anonymous_17)
FNDA:0,(anonymous_18)
FNDA:0,(anonymous_19)
FNDA:0,(anonymous_20)
FNDA:0,(anonymous_21)
FNDA:0,(anonymous_22)
FNDA:0,(anonymous_23)
FNDA:0,(anonymous_24)
FNDA:0,(anonymous_25)
FNDA:0,(anonymous_26)
FNDA:0,(anonymous_27)
FNDA:0,(anonymous_28)
FNDA:0,(anonymous_29)
FNDA:0,(anonymous_30)
FNDA:0,(anonymous_31)
FNDA:0,(anonymous_32)
FNDA:0,(anonymous_33)
FNDA:0,(anonymous_34)
FNDA:0,(anonymous_35)
FNDA:0,(anonymous_36)
DA:15,0
DA:16,0
DA:25,0
DA:26,0
DA:27,0
DA:28,0
DA:29,0
DA:30,0
DA:31,0
DA:34,0
DA:35,0
DA:36,0
DA:39,0
DA:40,0
DA:43,0
DA:44,0
DA:47,0
DA:48,0
DA:49,0
DA:51,0
DA:58,0
DA:59,0
DA:60,0
DA:68,0
DA:69,0
DA:72,0
DA:73,0
DA:74,0
DA:82,0
DA:83,0
DA:84,0
DA:90,0
DA:91,0
DA:92,0
DA:99,0
DA:100,0
DA:101,0
DA:109,0
DA:110,0
DA:111,0
DA:114,0
DA:115,0
DA:116,0
DA:119,0
DA:120,0
DA:121,0
DA:122,0
DA:123,0
DA:132,0
DA:133,0
DA:134,0
DA:142,0
DA:143,0
DA:151,0
DA:152,0
DA:160,0
DA:161,0
DA:164,0
DA:165,0
DA:168,0
DA:169,0
DA:175,0
DA:182,0
DA:184,0
DA:185,0
DA:186,0
DA:187,0
DA:189,0
DA:190,0
DA:193,0
DA:205,0
DA:208,0
DA:209,0
DA:210,0
DA:211,0
DA:221,0
DA:222,0
DA:223,0
DA:225,0
DA:227,0
DA:228,0
DA:229,0
DA:230,0
DA:233,0
DA:242,0
DA:243,0
DA:246,0
DA:254,0
DA:255,0
DA:256,0
DA:269,0
DA:280,0
DA:288,0
DA:289,0
DA:290,0
DA:291,0
DA:294,0
DA:297,0
DA:298,0
DA:301,0
DA:302,0
DA:303,0
DA:306,0
DA:307,0
DA:308,0
DA:311,0
DA:312,0
DA:313,0
DA:316,0
DA:317,0
DA:318,0
DA:321,0
DA:322,0
DA:323,0
DA:324,0
DA:326,0
DA:330,0
DA:331,0
DA:340,0
DA:342,0
DA:343,0
DA:344,0
DA:345,0
DA:346,0
DA:347,0
DA:349,0
DA:357,0
DA:359,0
DA:360,0
DA:361,0
DA:363,0
DA:366,0
DA:374,0
DA:375,0
DA:378,0
DA:386,0
DA:388,0
DA:390,0
DA:391,0
DA:393,0
DA:394,0
DA:396,0
DA:397,0
DA:399,0
DA:400,0
DA:402,0
DA:403,0
DA:405,0
DA:408,0
DA:416,0
DA:418,0
DA:420,0
DA:422,0
DA:424,0
DA:426,0
DA:428,0
DA:430,0
DA:439,0
DA:440,0
DA:441,0
DA:442,0
DA:444,0
DA:452,0
DA:453,0
DA:461,0
DA:462,0
DA:466,0
DA:467,0
DA:468,0
DA:470,0
DA:478,0
DA:480,0
DA:481,0
DA:482,0
DA:491,0
DA:492,0
DA:501,0
DA:509,0
DA:510,0
DA:512,0
DA:514,0
DA:515,0
DA:520,0
DA:531,0
DA:532,0
DA:533,0
DA:535,0
DA:543,0
DA:560,0
DA:562,0
DA:563,0
DA:566,0
DA:573,0
DA:574,0
DA:582,0
DA:583,0
DA:585,0
DA:593,0
DA:594,0
DA:595,0
DA:598,0
DA:601,0
DA:602,0
DA:603,0
DA:604,0
DA:612,0
DA:613,0
DA:618,0
DA:619,0
DA:620,0
DA:621,0
LF:211
LH:0
BRDA:14,0,0,0
BRDA:17,1,0,0
BRDA:17,1,1,0
BRDA:18,2,0,0
BRDA:18,2,1,0
BRDA:19,3,0,0
BRDA:19,3,1,0
BRDA:132,4,0,0
BRDA:132,4,1,0
BRDA:209,5,0,0
BRDA:209,5,1,0
BRDA:227,6,0,0
BRDA:227,6,1,0
BRDA:242,7,0,0
BRDA:242,7,1,0
BRDA:322,8,0,0
BRDA:322,8,1,0
BRDA:322,9,0,0
BRDA:322,9,1,0
BRDA:330,10,0,0
BRDA:330,10,1,0
BRDA:342,11,0,0
BRDA:342,11,1,0
BRDA:343,12,0,0
BRDA:343,12,1,0
BRDA:344,13,0,0
BRDA:344,13,1,0
BRDA:345,14,0,0
BRDA:345,14,1,0
BRDA:346,15,0,0
BRDA:346,15,1,0
BRDA:347,16,0,0
BRDA:347,16,1,0
BRDA:359,17,0,0
BRDA:359,17,1,0
BRDA:361,18,0,0
BRDA:361,18,1,0
BRDA:374,19,0,0
BRDA:374,19,1,0
BRDA:378,20,0,0
BRDA:378,20,1,0
BRDA:388,21,0,0
BRDA:388,21,1,0
BRDA:388,21,2,0
BRDA:388,21,3,0
BRDA:388,21,4,0
BRDA:388,21,5,0
BRDA:416,22,0,0
BRDA:416,22,1,0
BRDA:416,22,2,0
BRDA:416,22,3,0
BRDA:416,22,4,0
BRDA:416,22,5,0
BRDA:416,22,6,0
BRDA:439,23,0,0
BRDA:439,23,1,0
BRDA:440,24,0,0
BRDA:440,24,1,0
BRDA:441,25,0,0
BRDA:441,25,1,0
BRDA:442,26,0,0
BRDA:442,26,1,0
BRDA:461,27,0,0
BRDA:461,27,1,0
BRDA:480,28,0,0
BRDA:480,28,1,0
BRDA:510,29,0,0
BRDA:510,29,1,0
BRDA:514,30,0,0
BRDA:514,30,1,0
BRDA:535,31,0,0
BRDA:535,31,1,0
BRDA:562,32,0,0
BRDA:562,32,1,0
BRDA:618,33,0,0
BRDA:618,33,1,0
BRDA:618,34,0,0
BRDA:618,34,1,0
BRDA:620,35,0,0
BRDA:620,35,1,0
BRF:80
BRH:0
end_of_record
